HKVS ## printenv
bootcmd=tftp 0x82000000 $(bootfile);bootm 0x82000000;
bootdelay=1
baudrate=115200
use_mdio=0
netmask=255.255.255.0
bootfile=uImage
ver=U-Boot 2010.06-svn31947 (Mar 25 2019 - 14:02:13)
passwd=FF+D0t3fg6cRUQjsClgUGrLnVRZGVL1ldMWQMyC03Ls=
ipaddr=192.168.30.200
serverip=192.168.30.148
gatewayip=192.168.30.1
stdin=serial
stdout=serial
stderr=serial
phyaddr0=1
mdio_intf=mii
bootargs=mem=192M console=ttyS0,115200
ethaddr=08:a1:89:3d:8e:f5
sec=tftp 0x82000000 Ky2017-2-uImage_sec;bootm 0x82000000;
default=cramfsload 0x82000000 uImage;
verify=n
tftpblocksize=8192
hik_ver=verison V2.0-32009-31947 (build 20190325140235 chupengfei)

Environment size: 627/65532 bytes
HKVS ## u
using update v3...
### CRAMFS LOAD ERROR<ffffffff> for uImage!
boot uImage from flash for update error[-8].
timeout for link [5000]!
MAC:   08-A1-89-3D-8E-F5
TFTP from server 192.168.30.148; our IP address is 192.168.30.200
Download Filename 'digicap.dav'.
Download to address: 0x83000000
Downloading: #  [ Connected ]
################################        [ 1.000 MB]
################################        [ 2.000 MB]
################################        [ 3.000 MB]
################################        [ 4.000 MB]
################################        [ 5.000 MB]
################################        [ 6.000 MB]
################################        [ 7.000 MB]
################################        [ 8.000 MB]
################################        [ 9.000 MB]
################################        [10.000 MB]
################################        [11.000 MB]
################################        [12.000 MB]
################################        [13.000 MB]
################################        [14.000 MB]
###############################
done
Bytes transferred = 15696236 (ef816c hex)
cramfs.img checkSum ok !
using update v2...

### CRAMFS LOAD ERROR<ffffffff> for uImage!
HKVS ## update
using update v3...
### CRAMFS LOAD ERROR<ffffffff> for uImage!
boot uImage from flash for update error[-8].
timeout for link [5000]!
MAC:   08-A1-89-3D-8E-F5
TFTP from server 192.168.30.148; our IP address is 192.168.30.200
Download Filename 'digicap.dav'.
Download to address: 0x83000000
Downloading: #  [ Connected ]
################################        [ 1.000 MB]
################################        [ 2.000 MB]
################################        [ 3.000 MB]
################################        [ 4.000 MB]
################################        [ 5.000 MB]
################################        [ 6.000 MB]
################################        [ 7.000 MB]
################################        [ 8.000 MB]
################################        [ 9.000 MB]
################################        [10.000 MB]
################################        [11.000 MB]
################################        [12.000 MB]
################################        [13.000 MB]
################################        [14.000 MB]
###############################
done
Bytes transferred = 15696236 (ef816c hex)
cramfs.img checkSum ok !
using update v2...

### CRAMFS LOAD ERROR<ffffffff> for uImage!
HKVS ##                          


U-Boot 2010.06-svn31947 (Mar 25 2019 - 14:02:13)

Hit ctrl+u to stop autoboot:  0 
### CRAMFS LOAD ERROR<ffffffff> for uImage!
run command:  fail.

[WARNING] The NVR/DVR software is broken down!!
*******************************************************
*  ATTENTION!! PLEASE READ THIS NOTICE CAREFULLY!     *
*  I'm going into auto recovery mode.                 *
*  Try to update the software from tftp server.       *
*  You can top it and get into manually upgrade mode. *
*******************************************************

Hit ctrl+u to stop recovery mode:  0 

MAC:   08-A1-89-3D-8E-F5
Trying to update from tftp server ...
You can stop by long press CTRL+C
HKVS $ HKVS $ HKVS $ HKVS $ HKVS $ HKVS $ HKVS $ HKVS $ HKVS $ HKVS $ HKVS $ HKVS $ HKVS $ HKVS $ HKVS $ HKVS $ HKVS $ HKVS $ HKVS $ HKVS $ u
HKVS $                          


U-Boot 2010.06-svn31947 (Mar 25 2019 - 14:02:13)

data abort
pc : [<8dd0ef24>]          lr : [<3f3f3f3f>]
sp : 8d9ffa38  ip : 8dd11eba     fp : 8dd11eba
r10: 00000007  r9 : 8dd11eca     r8 : 8d9fffe0
r7 : 8d9ffbe8  r6 : ee94024e     r5 : 8d9ffb78  r4 : 8dd11dd2
r3 : 28f3f40f  r2 : 26897429     r1 : 23b122f1  r0 : 8dd11e0a
Flags: nzCv  IRQs off  FIQs off  Mode SVC_32
Resetting CPU ...

resetting ...
                         


U-Boot 2010.06-svn31947 (Mar 25 2019 - 14:02:13)

data abort
pc : [<8dd0ef24>]          lr : [<3f3f3f3f>]
sp : 8d9ffa38  ip : 8dd11eba     fp : 8dd11eba
r10: 00000007  r9 : 8dd11eca     r8 : 8d9fffe0
r7 : 8d9ffbe8  r6 : ee94024e     r5 : 8d9ffb78  r4 : 8dd11dd2
r3 : 28f3f40f  r2 : 26897429     r1 : 23b122f1  r0 : 8dd11e0a
Flags: nzCv  IRQs off  FIQs off  Mode SVC_32
Resetting CPU ...

resetting ...
                         


U-Boot 2010.06-svn31947 (Mar 25 2019 - 14:02:13)

data abort
pc : [<8dd0ef24>]          lr : [<3f3f3f3f>]
sp : 8d9ffa38  ip : 8dd11eba     fp : 8dd11eba
r10: 00000007  r9 : 8dd11eca     r8 : 8d9fffe0
r7 : 8d9ffbe8  r6 : ee94024e     r5 : 8d9ffb78  r4 : 8dd11dd2
r3 : 28f3f40f  r2 : 26897429     r1 : 23b122f1  r0 : 8dd11e0a
Flags: nzCv  IRQs off  FIQs off  Mode SVC_32
Resetting CPU ...

resetting ...
                         


U-Boot 2010.06-svn31947 (Mar 25 2019 - 14:02:13)

data abort
pc : [<8dd0ef24>]          lr : [<3f3f3f3f>]
sp : 8d9ffa38  ip : 8dd11eba     fp : 8dd11eba
r10: 00000007  r9 : 8dd11eca     r8 : 8d9fffe0
r7 : 8d9ffbe8  r6 : ee94024e     r5 : 8d9ffb78  r4 : 8dd11dd2
r3 : 28f3f40f  r2 : 26897429     r1 : 23b122f1  r0 : 8dd11e0a
Flags: nzCv  IRQs off  FIQs off  Mode SVC_32
Resetting CPU ...

resetting ...
                         


U-Boot 2010.06-svn31947 (Mar 25 2019 - 14:02:13)

data abort
pc : [<8dd0ef24>]          lr : [<3f3f3f3f>]
sp : 8d9ffa38  ip : 8dd11eba     fp : 8dd11eba
r10: 00000007  r9 : 8dd11eca     r8 : 8d9fffe0
r7 : 8d9ffbe8  r6 : ee94024e     r5 : 8d9ffb78  r4 : 8dd11dd2
r3 : 28f3f40f  r2 : 26897429     r1 : 23b122f1  r0 : 8dd11e0a
Flags: nzCv  IRQs off  FIQs off  Mode SVC_32
Resetting CPU ...

resetting ...
                         


U-Boot 2010.06-svn31947 (Mar 25 2019 - 14:02:13)

data abort
pc : [<8dd0ef24>]          lr : [<3f3f3f3f>]
sp : 8d9ffa38  ip : 8dd11eba     fp : 8dd11eba
r10: 00000007  r9 : 8dd11eca     r8 : 8d9fffe0
r7 : 8d9ffbe8  r6 : ee94024e     r5 : 8d9ffb78  r4 : 8dd11dd2
r3 : 28f3f40f  r2 : 26897429     r1 : 23b122f1  r0 : 8dd11e0a
Flags: nzCv  IRQs off  FIQs off  Mode SVC_32
Resetting CPU ...

resetting ...
                         


U-Boot 2010.06-svn31947 (Mar 25 2019 - 14:02:13)

data abort
pc : [<8dd0ef24>]          lr : [<3f3f3f3f>]
sp : 8d9ffa38  ip : 8dd11eba     fp : 8dd11eba
r10: 00000007  r9 : 8dd11eca     r8 : 8d9fffe0
r7 : 8d9ffbe8  r6 : ee94024e     r5 : 8d9ffb78  r4 : 8dd11dd2
r3 : 28f3f40f  r2 : 26897429     r1 : 23b122f1  r0 : 8dd11e0a
Flags: nzCv  IRQs off  FIQs off  Mode SVC_32
Resetting CPU ...

resetting ...
                         


U-Boot 2010.06-svn31947 (Mar 25 2019 - 14:02:13)

data abort
pc : [<8dd0ef24>]          lr : [<3f3f3f3f>]
sp : 8d9ffa38  ip : 8dd11eba     fp : 8dd11eba
r10: 00000007  r9 : 8dd11eca     r8 : 8d9fffe0
r7 : 8d9ffbe8  r6 : ee94024e     r5 : 8d9ffb78  r4 : 8dd11dd2
r3 : 28f3f40f  r2 : 26897429     r1 : 23b122f1  r0 : 8dd11e0a
Flags: nzCv  IRQs off  FIQs off  Mode SVC_32
Resetting CPU ...

resetting ...
                         


U-Boot 2010.06-svn31947 (Mar 25 2019 - 14:02:13)

data abort
pc : [<8dd0ef24>]          lr : [<3f3f3f3f>]
sp : 8d9ffa38  ip : 8dd11eba     fp : 8dd11eba
r10: 00000007  r9 : 8dd11eca     r8 : 8d9fffe0
r7 : 8d9ffbe8  r6 : ee94024e     r5 : 8d9ffb78  r4 : 8dd11dd2
r3 : 28f3f40f  r2 : 26897429     r1 : 23b122f1  r0 : 8dd11e0a
Flags: nzCv  IRQs off  FIQs off  Mode SVC_32
Resetting CPU ...

resetting ...
                         


U-Boot 2010.06-svn31947 (Mar 25 2019 - 14:02:13)

data abort
pc : [<8dd0ef24>]          lr : [<3f3f3f3f>]
sp : 8d9ffa38  ip : 8dd11eba     fp : 8dd11eba
r10: 00000007  r9 : 8dd11eca     r8 : 8d9fffe0
r7 : 8d9ffbe8  r6 : ee94024e     r5 : 8d9ffb78  r4 : 8dd11dd2
r3 : 28f3f40f  r2 : 26897429     r1 : 23b122f1  r0 : 8dd11e0a
Flags: nzCv  IRQs off  FIQs off  Mode SVC_32
Resetting CPU ...

resetting ...
                         


U-Boot 2010.06-svn31947 (Mar 25 2019 - 14:02:13)

data abort
pc : [<8dd0ef24>]          lr : [<3f3f3f3f>]
sp : 8d9ffa38  ip : 8dd11eba     fp : 8dd11eba
r10: 00000007  r9 : 8dd11eca     r8 : 8d9fffe0
r7 : 8d9ffbe8  r6 : ee94024e     r5 : 8d9ffb78  r4 : 8dd11dd2
r3 : 28f3f40f  r2 : 26897429     r1 : 23b122f1  r0 : 8dd11e0a
Flags: nzCv  IRQs off  FIQs off  Mode SVC_32
Resetting CPU ...

resetting ...
                         


U-Boot 2010.06-svn31947 (Mar 25 2019 - 14:02:13)

data abort
pc : [<8dd0ef24>]          lr : [<3f3f3f3f>]
sp : 8d9ffa38  ip : 8dd11eba     fp : 8dd11eba
r10: 00000007  r9 : 8dd11eca     r8 : 8d9fffe0
r7 : 8d9ffbe8  r6 : ee94024e     r5 : 8d9ffb78  r4 : 8dd11dd2
r3 : 28f3f40f  r2 : 26897429     r1 : 23b122f1  r0 : 8dd11e0a
Flags: nzCv  IRQs off  FIQs off  Mode SVC_32
Resetting CPU ...

resetting ...
                         


U-Boot 2010.06-svn31947 (Mar 25 2019 - 14:02:13)

data abort
pc : [<8dd0ef24>]          lr : [<3f3f3f3f>]
sp : 8d9ffa38  ip : 8dd11eba     fp : 8dd11eba
r10: 00000007  r9 : 8dd11eca     r8 : 8d9fffe0
r7 : 8d9ffbe8  r6 : ee94024e     r5 : 8d9ffb78  r4 : 8dd11dd2
r3 : 28f3f40f  r2 : 26897429     r1 : 23b122f1  r0 : 8dd11e0a
Flags: nzCv  IRQs off  FIQs off  Mode SVC_32
Resetting CPU ...

resetting ...
                         


U-Boot 2010.06-svn31947 (Mar 25 2019 - 14:02:13)

data abort
pc : [<8dd0ef24>]          lr : [<3f3f3f3f>]
sp : 8d9ffa38  ip : 8dd11eba     fp : 8dd11eba
r10: 00000007  r9 : 8dd11eca     r8 : 8d9fffe0
r7 : 8d9ffbe8  r6 : ee94024e     r5 : 8d9ffb78  r4 : 8dd11dd2
r3 : 28f3f40f  r2 : 26897429     r1 : 23b122f1  r0 : 8dd11e0a
Flags: nzCv  IRQs off  FIQs off  Mode SVC_32
Resetting CPU ...

resetting ...
                         


U-Boot 2010.06-svn31947 (Mar 25 2019 - 14:02:13)

data abort
pc : [<8dd0ef24>]          lr : [<3f3f3f3f>]
sp : 8d9ffa38  ip : 8dd11eba     fp : 8dd11eba
r10: 00000007  r9 : 8dd11eca     r8 : 8d9fffe0
r7 : 8d9ffbe8  r6 : ee94024e     r5 : 8d9ffb78  r4 : 8dd11dd2
r3 : 28f3f40f  r2 : 26897429     r1 : 23b122f1  r0 : 8dd11e0a
Flags: nzCv  IRQs off  FIQs off  Mode SVC_32
Resetting CPU ...

resetting ...
                         


U-Boot 2010.06-svn31947 (Mar 25 2019 - 14:02:13)

data abort
pc : [<8dd0ef24>]          lr : [<3f3f3f3f>]
sp : 8d9ffa38  ip : 8dd11eba     fp : 8dd11eba
r10: 00000007  r9 : 8dd11eca     r8 : 8d9fffe0
r7 : 8d9ffbe8  r6 : ee94024e     r5 : 8d9ffb78  r4 : 8dd11dd2
r3 : 28f3f40f  r2 : 26897429     r1 : 23b122f1  r0 : 8dd11e0a
Flags: nzCv  IRQs off  FIQs off  Mode SVC_32
Resetting CPU ...

resetting ...
                         


U-Boot 2010.06-svn31947 (Mar 25 2019 - 14:02:13)

data abort
pc : [<8dd0ef24>]          lr : [<3f3f3f3f>]
sp : 8d9ffa38  ip : 8dd11eba     fp : 8dd11eba
r10: 00000007  r9 : 8dd11eca     r8 : 8d9fffe0
r7 : 8d9ffbe8  r6 : ee94024e     r5 : 8d9ffb78  r4 : 8dd11dd2
r3 : 28f3f40f  r2 : 26897429     r1 : 23b122f1  r0 : 8dd11e0a
Flags: nzCv  IRQs off  FIQs off  Mode SVC_32
Resetting CPU ...

resetting ...
                         


U-Boot 2010.06-svn31947 (Mar 25 2019 - 14:02:13)

data abort
pc : [<8dd0ef24>]          lr : [<3f3f3f3f>]
sp : 8d9ffa38  ip : 8dd11eba     fp : 8dd11eba
r10: 00000007  r9 : 8dd11eca     r8 : 8d9fffe0
r7 : 8d9ffbe8  r6 : ee94024e     r5 : 8d9ffb78  r4 : 8dd11dd2
r3 : 28f3f40f  r2 : 26897429     r1 : 23b122f1  r0 : 8dd11e0a
Flags: nzCv  IRQs off  FIQs off  Mode SVC_32
Resetting CPU ...

resetting ...
                         


U-Boot 2010.06-svn31947 (Mar 25 2019 - 14:02:13)

data abort
pc : [<8dd0ef24>]          lr : [<3f3f3f3f>]
sp : 8d9ffa38  ip : 8dd11eba     fp : 8dd11eba
r10: 00000007  r9 : 8dd11eca     r8 : 8d9fffe0
r7 : 8d9ffbe8  r6 : ee94024e     r5 : 8d9ffb78  r4 : 8dd11dd2
r3 : 28f3f40f  r2 : 26897429     r1 : 23b122f1  r0 : 8dd11e0a
Flags: nzCv  IRQs off  FIQs off  Mode SVC_32
Resetting CPU ...

resetting ...
                         


U-Boot 2010.06-svn31947 (Mar 25 2019 - 14:02:13)

data abort
pc : [<8dd0ef24>]          lr : [<3f3f3f3f>]
sp : 8d9ffa38  ip : 8dd11eba     fp : 8dd11eba
r10: 00000007  r9 : 8dd11eca     r8 : 8d9fffe0
r7 : 8d9ffbe8  r6 : ee94024e     r5 : 8d9ffb78  r4 : 8dd11dd2
r3 : 28f3f40f  r2 : 26897429     r1 : 23b122f1  r0 : 8dd11e0a
Flags: nzCv  IRQs off  FIQs off  Mode SVC_32
Resetting CPU ...

resetting ...
                         


U-Boot 2010.06-svn31947 (Mar 25 2019 - 14:02:13)

data abort
pc : [<8dd0ef24>]          lr : [<3f3f3f3f>]
sp : 8d9ffa38  ip : 8dd11eba     fp : 8dd11eba
r10: 00000007  r9 : 8dd11eca     r8 : 8d9fffe0
r7 : 8d9ffbe8  r6 : ee94024e     r5 : 8d9ffb78  r4 : 8dd11dd2
r3 : 28f3f40f  r2 : 26897429     r1 : 23b122f1  r0 : 8dd11e0a
Flags: nzCv  IRQs off  FIQs off  Mode SVC_32
Resetting CPU ...

resetting ...
                         


U-Boot 2010.06-svn31947 (Mar 25 2019 - 14:02:13)

data abort
pc : [<8dd0ef24>]          lr : [<3f3f3f3f>]
sp : 8d9ffa38  ip : 8dd11eba     fp : 8dd11eba
r10: 00000007  r9 : 8dd11eca     r8 : 8d9fffe0
r7 : 8d9ffbe8  r6 : ee94024e     r5 : 8d9ffb78  r4 : 8dd11dd2
r3 : 28f3f40f  r2 : 26897429     r1 : 23b122f1  r0 : 8dd11e0a
Flags: nzCv  IRQs off  FIQs off  Mode SVC_32
Resetting CPU ...

resetting ...
                         


U-Boot 2010.06-svn31947 (Mar 25 2019 - 14:02:13)

data abort
pc : [<8dd0ef24>]          lr : [<3f3f3f3f>]
sp : 8d9ffa38  ip : 8dd11eba     fp : 8dd11eba
r10: 00000007  r9 : 8dd11eca     r8 : 8d9fffe0
r7 : 8d9ffbe8  r6 : ee94024e     r5 : 8d9ffb78  r4 : 8dd11dd2
r3 : 28f3f40f  r2 : 26897429     r1 : 23b122f1  r0 : 8dd11e0a
Flags: nzCv  IRQs off  FIQs off  Mode SVC_32
Resetting CPU ...

resetting ...
                         


U-Boot 2010.06-svn31947 (Mar 25 2019 - 14:02:13)

data abort
pc : [<8dd0ef24>]          lr : [<3f3f3f3f>]
sp : 8d9ffa38  ip : 8dd11eba     fp : 8dd11eba
r10: 00000007  r9 : 8dd11eca     r8 : 8d9fffe0
r7 : 8d9ffbe8  r6 : ee94024e     r5 : 8d9ffb78  r4 : 8dd11dd2
r3 : 28f3f40f  r2 : 26897429     r1 : 23b122f1  r0 : 8dd11e0a
Flags: nzCv  IRQs off  FIQs off  Mode SVC_32
Resetting CPU ...

resetting ...
                         


U-Boot 2010.06-svn31947 (Mar 25 2019 - 14:02:13)

data abort
pc : [<8dd0ef24>]          lr : [<3f3f3f3f>]
sp : 8d9ffa38  ip : 8dd11eba     fp : 8dd11eba
r10: 00000007  r9 : 8dd11eca     r8 : 8d9fffe0
r7 : 8d9ffbe8  r6 : ee94024e     r5 : 8d9ffb78  r4 : 8dd11dd2
r3 : 28f3f40f  r2 : 26897429     r1 : 23b122f1  r0 : 8dd11e0a
Flags: nzCv  IRQs off  FIQs off  Mode SVC_32
Resetting CPU ...

resetting ...
                         


U-Boot 2010.06-svn31947 (Mar 25 2019 - 14:02:13)

data abort
pc : [<8dd0ef24>]          lr : [<3f3f3f3f>]
sp : 8d9ffa38  ip : 8dd11eba     fp : 8dd11eba
r10: 00000007  r9 : 8dd11eca     r8 : 8d9fffe0
r7 : 8d9ffbe8  r6 : ee94024e     r5 : 8d9ffb78  r4 : 8dd11dd2
r3 : 28f3f40f  r2 : 26897429     r1 : 23b122f1  r0 : 8dd11e0a
Flags: nzCv  IRQs off  FIQs off  Mode SVC_32
Resetting CPU ...

resetting ...
                         


U-Boot 2010.06-svn31947 (Mar 25 2019 - 14:02:13)

data abort
pc : [<8dd0ef24>]          lr : [<3f3f3f3f>]
sp : 8d9ffa38  ip : 8dd11eba     fp : 8dd11eba
r10: 00000007  r9 : 8dd11eca     r8 : 8d9fffe0
r7 : 8d9ffbe8  r6 : ee94024e     r5 : 8d9ffb78  r4 : 8dd11dd2
r3 : 28f3f40f  r2 : 26897429     r1 : 23b122f1  r0 : 8dd11e0a
Flags: nzCv  IRQs off  FIQs off  Mode SVC_32
Resetting CPU ...

resetting ...
                         


U-Boot 2010.06-svn31947 (Mar 25 2019 - 14:02:13)

data abort
pc : [<8dd0ef24>]          lr : [<3f3f3f3f>]
sp : 8d9ffa38  ip : 8dd11eba     fp : 8dd11eba
r10: 00000007  r9 : 8dd11eca     r8 : 8d9fffe0
r7 : 8d9ffbe8  r6 : ee94024e     r5 : 8d9ffb78  r4 : 8dd11dd2
r3 : 28f3f40f  r2 : 26897429     r1 : 23b122f1  r0 : 8dd11e0a
Flags: nzCv  IRQs off  FIQs off  Mode SVC_32
Resetting CPU ...

resetting ...
                         


U-Boot 2010.06-svn31947 (Mar 25 2019 - 14:02:13)

data abort
pc : [<8dd0ef24>]          lr : [<3f3f3f3f>]
sp : 8d9ffa38  ip : 8dd11eba     fp : 8dd11eba
r10: 00000007  r9 : 8dd11eca     r8 : 8d9fffe0
r7 : 8d9ffbe8  r6 : ee94024e     r5 : 8d9ffb78  r4 : 8dd11dd2
r3 : 28f3f40f  r2 : 26897429     r1 : 23b122f1  r0 : 8dd11e0a
Flags: nzCv  IRQs off  FIQs off  Mode SVC_32
Resetting CPU ...

resetting ...
                         


U-Boot 2010.06-svn31947 (Mar 25 2019 - 14:02:13)

data abort
pc : [<8dd0ef24>]          lr : [<3f3f3f3f>]
sp : 8d9ffa38  ip : 8dd11eba     fp : 8dd11eba
r10: 00000007  r9 : 8dd11eca     r8 : 8d9fffe0
r7 : 8d9ffbe8  r6 : ee94024e     r5 : 8d9ffb78  r4 : 8dd11dd2
r3 : 28f3f40f  r2 : 26897429     r1 : 23b122f1  r0 : 8dd11e0a
Flags: nzCv  IRQs off  FIQs off  Mode SVC_32
Resetting CPU ...

resetting ...
                         


U-Boot 2010.06-svn31947 (Mar 25 2019 - 14:02:13)

data abort
pc : [<8dd0ef24>]          lr : [<3f3f3f3f>]
sp : 8d9ffa38  ip : 8dd11eba     fp : 8dd11eba
r10: 00000007  r9 : 8dd11eca     r8 : 8d9fffe0
r7 : 8d9ffbe8  r6 : ee94024e     r5 : 8d9ffb78  r4 : 8dd11dd2
r3 : 28f3f40f  r2 : 26897429     r1 : 23b122f1  r0 : 8dd11e0a
Flags: nzCv  IRQs off  FIQs off  Mode SVC_32
Resetting CPU ...

resetting ...
                         


U-Boot 2010.06-svn31947 (Mar 25 2019 - 14:02:13)

data abort
pc : [<8dd0ef24>]          lr : [<3f3f3f3f>]
sp : 8d9ffa38  ip : 8dd11eba     fp : 8dd11eba
r10: 00000007  r9 : 8dd11eca     r8 : 8d9fffe0
r7 : 8d9ffbe8  r6 : ee94024e     r5 : 8d9ffb78  r4 : 8dd11dd2
r3 : 28f3f40f  r2 : 26897429     r1 : 23b122f1  r0 : 8dd11e0a
Flags: nzCv  IRQs off  FIQs off  Mode SVC_32
Resetting CPU ...

resetting ...
                         


U-Boot 2010.06-svn31947 (Mar 25 2019 - 14:02:13)

data abort
pc : [<8dd0ef24>]          lr : [<3f3f3f3f>]
sp : 8d9ffa38  ip : 8dd11eba     fp : 8dd11eba
r10: 00000007  r9 : 8dd11eca     r8 : 8d9fffe0
r7 : 8d9ffbe8  r6 : ee94024e     r5 : 8d9ffb78  r4 : 8dd11dd2
r3 : 28f3f40f  r2 : 26897429     r1 : 23b122f1  r0 : 8dd11e0a
Flags: nzCv  IRQs off  FIQs off  Mode SVC_32
Resetting CPU ...

resetting ...
                         


U-Boot 2010.06-svn31947 (Mar 25 2019 - 14:02:13)

data abort
pc : [<8dd0ef24>]          lr : [<3f3f3f3f>]
sp : 8d9ffa38  ip : 8dd11eba     fp : 8dd11eba
r10: 00000007  r9 : 8dd11eca     r8 : 8d9fffe0
r7 : 8d9ffbe8  r6 : ee94024e     r5 : 8d9ffb78  r4 : 8dd11dd2
r3 : 28f3f40f  r2 : 26897429     r1 : 23b122f1  r0 : 8dd11e0a
Flags: nzCv  IRQs off  FIQs off  Mode SVC_32
Resetting CPU ...

resetting ...
                         


U-Boot 2010.06-svn31947 (Mar 25 2019 - 14:02:13)

data abort
pc : [<8dd0ef24>]          lr : [<3f3f3f3f>]
sp : 8d9ffa38  ip : 8dd11eba     fp : 8dd11eba
r10: 00000007  r9 : 8dd11eca     r8 : 8d9fffe0
r7 : 8d9ffbe8  r6 : ee94024e     r5 : 8d9ffb78  r4 : 8dd11dd2
r3 : 28f3f40f  r2 : 26897429     r1 : 23b122f1  r0 : 8dd11e0a
Flags: nzCv  IRQs off  FIQs off  Mode SVC_32
Resetting CPU ...

resetting ...
                         


U-Boot 2010.06-svn31947 (Mar 25 2019 - 14:02:13)

data abort
pc : [<8dd0ef24>]          lr : [<3f3f3f3f>]
sp : 8d9ffa38  ip : 8dd11eba     fp : 8dd11eba
r10: 00000007  r9 : 8dd11eca     r8 : 8d9fffe0
r7 : 8d9ffbe8  r6 : ee94024e     r5 : 8d9ffb78  r4 : 8dd11dd2
r3 : 28f3f40f  r2 : 26897429     r1 : 23b122f1  r0 : 8dd11e0a
Flags: nzCv  IRQs off  FIQs off  Mode SVC_32
Resetting CPU ...

resetting ...
                         


U-Boot 2010.06-svn31947 (Mar 25 2019 - 14:02:13)

data abort
pc : [<8dd0ef24>]          lr : [<3f3f3f3f>]
sp : 8d9ffa38  ip : 8dd11eba     fp : 8dd11eba
r10: 00000007  r9 : 8dd11eca     r8 : 8d9fffe0
r7 : 8d9ffbe8  r6 : ee94024e     r5 : 8d9ffb78  r4 : 8dd11dd2
r3 : 28f3f40f  r2 : 26897429     r1 : 23b122f1  r0 : 8dd11e0a
Flags: nzCv  IRQs off  FIQs off  Mode SVC_32
Resetting CPU ...

resetting ...
                         


U-Boot 2010.06-svn31947 (Mar 25 2019 - 14:02:13)

data abort
pc : [<8dd0ef24>]          lr : [<3f3f3f3f>]
sp : 8d9ffa38  ip : 8dd11eba     fp : 8dd11eba
r10: 00000007  r9 : 8dd11eca     r8 : 8d9fffe0
r7 : 8d9ffbe8  r6 : ee94024e     r5 : 8d9ffb78  r4 : 8dd11dd2
r3 : 28f3f40f  r2 : 26897429     r1 : 23b122f1  r0 : 8dd11e0a
Flags: nzCv  IRQs off  FIQs off  Mode SVC_32
Resetting CPU ...

resetting ...
                         


U-Boot 2010.06-svn31947 (Mar 25 2019 - 14:02:13)

data abort
pc : [<8dd0ef24>]          lr : [<3f3f3f3f>]
sp : 8d9ffa38  ip : 8dd11eba     fp : 8dd11eba
r10: 00000007  r9 : 8dd11eca     r8 : 8d9fffe0
r7 : 8d9ffbe8  r6 : ee94024e     r5 : 8d9ffb78  r4 : 8dd11dd2
r3 : 28f3f40f  r2 : 26897429     r1 : 23b122f1  r0 : 8dd11e0a
Flags: nzCv  IRQs off  FIQs off  Mode SVC_32
Resetting CPU ...

resetting ...
                         


U-Boot 2010.06-svn31947 (Mar 25 2019 - 14:02:13)

data abort
pc : [<8dd0ef24>]          lr : [<3f3f3f3f>]
sp : 8d9ffa38  ip : 8dd11eba     fp : 8dd11eba
r10: 00000007  r9 : 8dd11eca     r8 : 8d9fffe0
r7 : 8d9ffbe8  r6 : ee94024e     r5 : 8d9ffb78  r4 : 8dd11dd2
r3 : 28f3f40f  r2 : 26897429     r1 : 23b122f1  r0 : 8dd11e0a
Flags: nzCv  IRQs off  FIQs off  Mode SVC_32
Resetting CPU ...

resetting ...
                         


U-Boot 2010.06-svn31947 (Mar 25 2019 - 14:02:13)

data abort
pc : [<8dd0ef24>]          lr : [<3f3f3f3f>]
sp : 8d9ffa38  ip : 8dd11eba     fp : 8dd11eba
r10: 00000007  r9 : 8dd11eca     r8 : 8d9fffe0
r7 : 8d9ffbe8  r6 : ee94024e     r5 : 8d9ffb78  r4 : 8dd11dd2
r3 : 28f3f40f  r2 : 26897429     r1 : 23b122f1  r0 : 8dd11e0a
Flags: nzCv  IRQs off  FIQs off  Mode SVC_32
Resetting CPU ...

resetting ...
                         


U-Boot 2010.06-svn31947 (Mar 25 2019 - 14:02:13)

data abort
pc : [<8dd0ef24>]          lr : [<3f3f3f3f>]
sp : 8d9ffa38  ip : 8dd11eba     fp : 8dd11eba
r10: 00000007  r9 : 8dd11eca     r8 : 8d9fffe0
r7 : 8d9ffbe8  r6 : ee94024e     r5 : 8d9ffb78  r4 : 8dd11dd2
r3 : 28f3f40f  r2 : 26897429     r1 : 23b122f1  r0 : 8dd11e0a
Flags: nzCv  IRQs off  FIQs off  Mode SVC_32
Resetting CPU ...

resetting ...
                         


U-Boot 2010.06-svn31947 (Mar 25 2019 - 14:02:13)

data abort
pc : [<8dd0ef24>]          lr : [<3f3f3f3f>]
sp : 8d9ffa38  ip : 8dd11eba     fp : 8dd11eba
r10: 00000007  r9 : 8dd11eca     r8 : 8d9fffe0
r7 : 8d9ffbe8  r6 : ee94024e     r5 : 8d9ffb78  r4 : 8dd11dd2
r3 : 28f3f40f  r2 : 26897429     r1 : 23b122f1  r0 : 8dd11e0a
Flags: nzCv  IRQs off  FIQs off  Mode SVC_32
Resetting CPU ...

resetting ...
                         


U-Boot 2010.06-svn31947 (Mar 25 2019 - 14:02:13)

data abort
pc : [<8dd0ef24>]          lr : [<3f3f3f3f>]
sp : 8d9ffa38  ip : 8dd11eba     fp : 8dd11eba
r10: 00000007  r9 : 8dd11eca     r8 : 8d9fffe0
r7 : 8d9ffbe8  r6 : ee94024e     r5 : 8d9ffb78  r4 : 8dd11dd2
r3 : 28f3f40f  r2 : 26897429     r1 : 23b122f1  r0 : 8dd11e0a
Flags: nzCv  IRQs off  FIQs off  Mode SVC_32
Resetting CPU ...

resetting ...
                         


U-Boot 2010.06-svn31947 (Mar 25 2019 - 14:02:13)

data abort
pc : [<8dd0ef24>]          lr : [<3f3f3f3f>]
sp : 8d9ffa38  ip : 8dd11eba     fp : 8dd11eba
r10: 00000007  r9 : 8dd11eca     r8 : 8d9fffe0
r7 : 8d9ffbe8  r6 : ee94024e     r5 : 8d9ffb78  r4 : 8dd11dd2
r3 : 28f3f40f  r2 : 26897429     r1 : 23b122f1  r0 : 8dd11e0a
Flags: nzCv  IRQs off  FIQs off  Mode SVC_32
Resetting CPU ...

resetting ...
                         


U-Boot 2010.06-svn31947 (Mar 25 2019 - 14:02:13)

data abort
pc : [<8dd0ef24>]          lr : [<3f3f3f3f>]
sp : 8d9ffa38  ip : 8dd11eba     fp : 8dd11eba
r10: 00000007  r9 : 8dd11eca     r8 : 8d9fffe0
r7 : 8d9ffbe8  r6 : ee94024e     r5 : 8d9ffb78  r4 : 8dd11dd2
r3 : 28f3f40f  r2 : 26897429     r1 : 23b122f1  r0 : 8dd11e0a
Flags: nzCv  IRQs off  FIQs off  Mode SVC_32
Resetting CPU ...

resetting ...
                         


U-Boot 2010.06-svn31947 (Mar 25 2019 - 14:02:13)

data abort
pc : [<8dd0ef24>]          lr : [<3f3f3f3f>]
sp : 8d9ffa38  ip : 8dd11eba     fp : 8dd11eba
r10: 00000007  r9 : 8dd11eca     r8 : 8d9fffe0
r7 : 8d9ffbe8  r6 : ee94024e     r5 : 8d9ffb78  r4 : 8dd11dd2
r3 : 28f3f40f  r2 : 26897429     r1 : 23b122f1  r0 : 8dd11e0a
Flags: nzCv  IRQs off  FIQs off  Mode SVC_32
Resetting CPU ...

resetting ...
                         


U-Boot 2010.06-svn31947 (Mar 25 2019 - 14:02:13)

data abort
pc : [<8dd0ef24>]          lr : [<3f3f3f3f>]
sp : 8d9ffa38  ip : 8dd11eba     fp : 8dd11eba
r10: 00000007  r9 : 8dd11eca     r8 : 8d9fffe0
r7 : 8d9ffbe8  r6 : ee94024e     r5 : 8d9ffb78  r4 : 8dd11dd2
r3 : 28f3f40f  r2 : 26897429     r1 : 23b122f1  r0 : 8dd11e0a
Flags: nzCv  IRQs off  FIQs off  Mode SVC_32
Resetting CPU ...

resetting ...
                         


U-Boot 2010.06-svn31947 (Mar 25 2019 - 14:02:13)

data abort
pc : [<8dd0ef24>]          lr : [<3f3f3f3f>]
sp : 8d9ffa38  ip : 8dd11eba     fp : 8dd11eba
r10: 00000007  r9 : 8dd11eca     r8 : 8d9fffe0
r7 : 8d9ffbe8  r6 : ee94024e     r5 : 8d9ffb78  r4 : 8dd11dd2
r3 : 28f3f40f  r2 : 26897429     r1 : 23b122f1  r0 : 8dd11e0a
Flags: nzCv  IRQs off  FIQs off  Mode SVC_32
Resetting CPU ...

resetting ...
                         


U-Boot 2010.06-svn31947 (Mar 25 2019 - 14:02:13)

data abort
pc : [<8dd0ef24>]          lr : [<3f3f3f3f>]
sp : 8d9ffa38  ip : 8dd11eba     fp : 8dd11eba
r10: 00000007  r9 : 8dd11eca     r8 : 8d9fffe0
r7 : 8d9ffbe8  r6 : ee94024e     r5 : 8d9ffb78  r4 : 8dd11dd2
r3 : 28f3f40f  r2 : 26897429     r1 : 23b122f1  r0 : 8dd11e0a
Flags: nzCv  IRQs off  FIQs off  Mode SVC_32
Resetting CPU ...

resetting ...
                         


U-Boot 2010.06-svn31947 (Mar 25 2019 - 14:02:13)

data abort
pc : [<8dd0ef24>]          lr : [<3f3f3f3f>]
sp : 8d9ffa38  ip : 8dd11eba     fp : 8dd11eba
r10: 00000007  r9 : 8dd11eca     r8 : 8d9fffe0
r7 : 8d9ffbe8  r6 : ee94024e     r5 : 8d9ffb78  r4 : 8dd11dd2
r3 : 28f3f40f  r2 : 26897429     r1 : 23b122f1  r0 : 8dd11e0a
Flags: nzCv  IRQs off  FIQs off  Mode SVC_32
Resetting CPU ...

resetting ...
                         


U-Boot 2010.06-svn31947 (Mar 25 2019 - 14:02:13)

data abort
pc : [<8dd0ef24>]          lr : [<3f3f3f3f>]
sp : 8d9ffa38  ip : 8dd11eba     fp : 8dd11eba
r10: 00000007  r9 : 8dd11eca     r8 : 8d9fffe0
r7 : 8d9ffbe8  r6 : ee94024e     r5 : 8d9ffb78  r4 : 8dd11dd2
r3 : 28f3f40f  r2 : 26897429     r1 : 23b122f1  r0 : 8dd11e0a
Flags: nzCv  IRQs off  FIQs off  Mode SVC_32
Resetting CPU ...

resetting ...
                         


U-Boot 2010.06-svn31947 (Mar 25 2019 - 14:02:13)

data abort
pc : [<8dd0ef24>]          lr : [<3f3f3f3f>]
sp : 8d9ffa38  ip : 8dd11eba     fp : 8dd11eba
r10: 00000007  r9 : 8dd11eca     r8 : 8d9fffe0
r7 : 8d9ffbe8  r6 : ee94024e     r5 : 8d9ffb78  r4 : 8dd11dd2
r3 : 28f3f40f  r2 : 26897429     r1 : 23b122f1  r0 : 8dd11e0a
Flags: nzCv  IRQs off  FIQs off  Mode SVC_32
Resetting CPU ...

resetting ...
                         


U-Boot 2010.06-svn31947 (Mar 25 2019 - 14:02:13)

data abort
pc : [<8dd0ef24>]          lr : [<3f3f3f3f>]
sp : 8d9ffa38  ip : 8dd11eba     fp : 8dd11eba
r10: 00000007  r9 : 8dd11eca     r8 : 8d9fffe0
r7 : 8d9ffbe8  r6 : ee94024e     r5 : 8d9ffb78  r4 : 8dd11dd2
r3 : 28f3f40f  r2 : 26897429     r1 : 23b122f1  r0 : 8dd11e0a
Flags: nzCv  IRQs off  FIQs off  Mode SVC_32
Resetting CPU ...

resetting ...
                         


U-Boot 2010.06-svn31947 (Mar 25 2019 - 14:02:13)

data abort
pc : [<8dd0ef24>]          lr : [<3f3f3f3f>]
sp : 8d9ffa38  ip : 8dd11eba     fp : 8dd11eba
r10: 00000007  r9 : 8dd11eca     r8 : 8d9fffe0
r7 : 8d9ffbe8  r6 : ee94024e     r5 : 8d9ffb78  r4 : 8dd11dd2
r3 : 28f3f40f  r2 : 26897429     r1 : 23b122f1  r0 : 8dd11e0a
Flags: nzCv  IRQs off  FIQs off  Mode SVC_32
Resetting CPU ...

resetting ...
                         


U-Boot 2010.06-svn31947 (Mar 25 2019 - 14:02:13)

data abort
pc : [<8dd0ef24>]          lr : [<3f3f3f3f>]
sp : 8d9ffa38  ip : 8dd11eba     fp : 8dd11eba
r10: 00000007  r9 : 8dd11eca     r8 : 8d9fffe0
r7 : 8d9ffbe8  r6 : ee94024e     r5 : 8d9ffb78  r4 : 8dd11dd2
r3 : 28f3f40f  r2 : 26897429     r1 : 23b122f1  r0 : 8dd11e0a
Flags: nzCv  IRQs off  FIQs off  Mode SVC_32
Resetting CPU ...

resetting ...
                         


U-Boot 2010.06-svn31947 (Mar 25 2019 - 14:02:13)

data abort
pc : [<8dd0ef24>]          lr : [<3f3f3f3f>]
sp : 8d9ffa38  ip : 8dd11eba     fp : 8dd11eba
r10: 00000007  r9 : 8dd11eca     r8 : 8d9fffe0
r7 : 8d9ffbe8  r6 : ee94024e     r5 : 8d9ffb78  r4 : 8dd11dd2
r3 : 28f3f40f  r2 : 26897429     r1 : 23b122f1  r0 : 8dd11e0a
Flags: nzCv  IRQs off  FIQs off  Mode SVC_32
Resetting CPU ...

resetting ...
                         


U-Boot 2010.06-svn31947 (Mar 25 2019 - 14:02:13)

data abort
pc : [<8dd0ef24>]          lr : [<3f3f3f3f>]
sp : 8d9ffa38  ip : 8dd11eba     fp : 8dd11eba
r10: 00000007  r9 : 8dd11eca     r8 : 8d9fffe0
r7 : 8d9ffbe8  r6 : ee94024e     r5 : 8d9ffb78  r4 : 8dd11dd2
r3 : 28f3f40f  r2 : 26897429     r1 : 23b122f1  r0 : 8dd11e0a
Flags: nzCv  IRQs off  FIQs off  Mode SVC_32
Resetting CPU ...

resetting ...
                         


U-Boot 2010.06-svn31947 (Mar 25 2019 - 14:02:13)

data abort
pc : [<8dd0ef24>]          lr : [<3f3f3f3f>]
sp : 8d9ffa38  ip : 8dd11eba     fp : 8dd11eba
r10: 00000007  r9 : 8dd11eca     r8 : 8d9fffe0
r7 : 8d9ffbe8  r6 : ee94024e     r5 : 8d9ffb78  r4 : 8dd11dd2
r3 : 28f3f40f  r2 : 26897429     r1 : 23b122f1  r0 : 8dd11e0a
Flags: nzCv  IRQs off  FIQs off  Mode SVC_32
Resetting CPU ...

resetting ...
                         


U-Boot 2010.06-svn31947 (Mar 25 2019 - 14:02:13)

data abort
pc : [<8dd0ef24>]          lr : [<3f3f3f3f>]
sp : 8d9ffa38  ip : 8dd11eba     fp : 8dd11eba
r10: 00000007  r9 : 8dd11eca     r8 : 8d9fffe0
r7 : 8d9ffbe8  r6 : ee94024e     r5 : 8d9ffb78  r4 : 8dd11dd2
r3 : 28f3f40f  r2 : 26897429     r1 : 23b122f1  r0 : 8dd11e0a
Flags: nzCv  IRQs off  FIQs off  Mode SVC_32
Resetting CPU ...

resetting ...
                         


U-Boot 2010.06-svn31947 (Mar 25 2019 - 14:02:13)

data abort
pc : [<8dd0ef24>]          lr : [<3f3f3f3f>]
sp : 8d9ffa38  ip : 8dd11eba     fp : 8dd11eba
r10: 00000007  r9 : 8dd11eca     r8 : 8d9fffe0
r7 : 8d9ffbe8  r6 : ee94024e     r5 : 8d9ffb78  r4 : 8dd11dd2
r3 : 28f3f40f  r2 : 26897429     r1 : 23b122f1  r0 : 8dd11e0a
Flags: nzCv  IRQs off  FIQs off  Mode SVC_32
Resetting CPU ...

resetting ...
                         


U-Boot 2010.06-svn31947 (Mar 25 2019 - 14:02:13)

data abort
pc : [<8dd0ef24>]          lr : [<3f3f3f3f>]
sp : 8d9ffa38  ip : 8dd11eba     fp : 8dd11eba
r10: 00000007  r9 : 8dd11eca     r8 : 8d9fffe0
r7 : 8d9ffbe8  r6 : ee94024e     r5 : 8d9ffb78  r4 : 8dd11dd2
r3 : 28f3f40f  r2 : 26897429     r1 : 23b122f1  r0 : 8dd11e0a
Flags: nzCv  IRQs off  FIQs off  Mode SVC_32
Resetting CPU ...

resetting ...
                         


U-Boot 2010.06-svn31947 (Mar 25 2019 - 14:02:13)

data abort
pc : [<8dd0ef24>]          lr : [<3f3f3f3f>]
sp : 8d9ffa38  ip : 8dd11eba     fp : 8dd11eba
r10: 00000007  r9 : 8dd11eca     r8 : 8d9fffe0
r7 : 8d9ffbe8  r6 : ee94024e     r5 : 8d9ffb78  r4 : 8dd11dd2
r3 : 28f3f40f  r2 : 26897429     r1 : 23b122f1  r0 : 8dd11e0a
Flags: nzCv  IRQs off  FIQs off  Mode SVC_32
Resetting CPU ...

resetting ...
                         


U-Boot 2010.06-svn31947 (Mar 25 2019 - 14:02:13)

data abort
pc : [<8dd0ef24>]          lr : [<3f3f3f3f>]
sp : 8d9ffa38  ip : 8dd11eba     fp : 8dd11eba
r10: 00000007  r9 : 8dd11eca     r8 : 8d9fffe0
r7 : 8d9ffbe8  r6 : ee94024e     r5 : 8d9ffb78  r4 : 8dd11dd2
r3 : 28f3f40f  r2 : 26897429     r1 : 23b122f1  r0 : 8dd11e0a
Flags: nzCv  IRQs off  FIQs off  Mode SVC_32
Resetting CPU ...

resetting ...
                         


U-Boot 2010.06-svn31947 (Mar 25 2019 - 14:02:13)

data abort
pc : [<8dd0ef24>]          lr : [<3f3f3f3f>]
sp : 8d9ffa38  ip : 8dd11eba     fp : 8dd11eba
r10: 00000007  r9 : 8dd11eca     r8 : 8d9fffe0
r7 : 8d9ffbe8  r6 : ee94024e     r5 : 8d9ffb78  r4 : 8dd11dd2
r3 : 28f3f40f  r2 : 26897429     r1 : 23b122f1  r0 : 8dd11e0a
Flags: nzCv  IRQs off  FIQs off  Mode SVC_32
Resetting CPU ...

resetting ...
                         


U-Boot 2010.06-svn31947 (Mar 25 2019 - 14:02:13)

data abort
pc : [<8dd0ef24>]          lr : [<3f3f3f3f>]
sp : 8d9ffa38  ip : 8dd11eba     fp : 8dd11eba
r10: 00000007  r9 : 8dd11eca     r8 : 8d9fffe0
r7 : 8d9ffbe8  r6 : ee94024e     r5 : 8d9ffb78  r4 : 8dd11dd2
r3 : 28f3f40f  r2 : 26897429     r1 : 23b122f1  r0 : 8dd11e0a
Flags: nzCv  IRQs off  FIQs off  Mode SVC_32
Resetting CPU ...

resetting ...
                         


U-Boot 2010.06-svn31947 (Mar 25 2019 - 14:02:13)

data abort
pc : [<8dd0ef24>]          lr : [<3f3f3f3f>]
sp : 8d9ffa38  ip : 8dd11eba     fp : 8dd11eba
r10: 00000007  r9 : 8dd11eca     r8 : 8d9fffe0
r7 : 8d9ffbe8  r6 : ee94024e     r5 : 8d9ffb78  r4 : 8dd11dd2
r3 : 28f3f40f  r2 : 26897429     r1 : 23b122f1  r0 : 8dd11e0a
Flags: nzCv  IRQs off  FIQs off  Mode SVC_32
Resetting CPU ...

resetting ...
                         


U-Boot 2010.06-svn31947 (Mar 25 2019 - 14:02:13)

data abort
pc : [<8dd0ef24>]          lr : [<3f3f3f3f>]
sp : 8d9ffa38  ip : 8dd11eba     fp : 8dd11eba
r10: 00000007  r9 : 8dd11eca     r8 : 8d9fffe0
r7 : 8d9ffbe8  r6 : ee94024e     r5 : 8d9ffb78  r4 : 8dd11dd2
r3 : 28f3f40f  r2 : 26897429     r1 : 23b122f1  r0 : 8dd11e0a
Flags: nzCv  IRQs off  FIQs off  Mode SVC_32
Resetting CPU ...

resetting ...
                         


U-Boot 2010.06-svn31947 (Mar 25 2019 - 14:02:13)

data abort
pc : [<8dd0ef24>]          lr : [<3f3f3f3f>]
sp : 8d9ffa38  ip : 8dd11eba     fp : 8dd11eba
r10: 00000007  r9 : 8dd11eca     r8 : 8d9fffe0
r7 : 8d9ffbe8  r6 : ee94024e     r5 : 8d9ffb78  r4 : 8dd11dd2
r3 : 28f3f40f  r2 : 26897429     r1 : 23b122f1  r0 : 8dd11e0a
Flags: nzCv  IRQs off  FIQs off  Mode SVC_32
Resetting CPU ...

resetting ...
                         


U-Boot 2010.06-svn31947 (Mar 25 2019 - 14:02:13)

data abort
pc : [<8dd0ef24>]          lr : [<3f3f3f3f>]
sp : 8d9ffa38  ip : 8dd11eba     fp : 8dd11eba
r10: 00000007  r9 : 8dd11eca     r8 : 8d9fffe0
r7 : 8d9ffbe8  r6 : ee94024e     r5 : 8d9ffb78  r4 : 8dd11dd2
r3 : 28f3f40f  r2 : 26897429     r1 : 23b122f1  r0 : 8dd11e0a
Flags: nzCv  IRQs off  FIQs off  Mode SVC_32
Resetting CPU ...

resetting ...
                         


U-Boot 2010.06-svn31947 (Mar 25 2019 - 14:02:13)

data abort
pc : [<8dd0ef24>]          lr : [<3f3f3f3f>]
sp : 8d9ffa38  ip : 8dd11eba     fp : 8dd11eba
r10: 00000007  r9 : 8dd11eca     r8 : 8d9fffe0
r7 : 8d9ffbe8  r6 : ee94024e     r5 : 8d9ffb78  r4 : 8dd11dd2
r3 : 28f3f40f  r2 : 26897429     r1 : 23b122f1  r0 : 8dd11e0a
Flags: nzCv  IRQs off  FIQs off  Mode SVC_32
Resetting CPU ...

resetting ...
                         


U-Boot 2010.06-svn31947 (Mar 25 2019 - 14:02:13)

data abort
pc : [<8dd0ef24>]          lr : [<3f3f3f3f>]
sp : 8d9ffa38  ip : 8dd11eba     fp : 8dd11eba
r10: 00000007  r9 : 8dd11eca     r8 : 8d9fffe0
r7 : 8d9ffbe8  r6 : ee94024e     r5 : 8d9ffb78  r4 : 8dd11dd2
r3 : 28f3f40f  r2 : 26897429     r1 : 23b122f1  r0 : 8dd11e0a
Flags: nzCv  IRQs off  FIQs off  Mode SVC_32
Resetting CPU ...

resetting ...
                         


U-Boot 2010.06-svn31947 (Mar 25 2019 - 14:02:13)

data abort
pc : [<8dd0ef24>]          lr : [<3f3f3f3f>]
sp : 8d9ffa38  ip : 8dd11eba     fp : 8dd11eba
r10: 00000007  r9 : 8dd11eca     r8 : 8d9fffe0
r7 : 8d9ffbe8  r6 : ee94024e     r5 : 8d9ffb78  r4 : 8dd11dd2
r3 : 28f3f40f  r2 : 26897429     r1 : 23b122f1  r0 : 8dd11e0a
Flags: nzCv  IRQs off  FIQs off  Mode SVC_32
Resetting CPU ...

resetting ...
                         


U-Boot 2010.06-svn31947 (Mar 25 2019 - 14:02:13)

data abort
pc : [<8dd0ef24>]          lr : [<3f3f3f3f>]
sp : 8d9ffa38  ip : 8dd11eba     fp : 8dd11eba
r10: 00000007  r9 : 8dd11eca     r8 : 8d9fffe0
r7 : 8d9ffbe8  r6 : ee94024e     r5 : 8d9ffb78  r4 : 8dd11dd2
r3 : 28f3f40f  r2 : 26897429     r1 : 23b122f1  r0 : 8dd11e0a
Flags: nzCv  IRQs off  FIQs off  Mode SVC_32
Resetting CPU ...

resetting ...
                         


U-Boot 2010.06-svn31947 (Mar 25 2019 - 14:02:13)

data abort
pc : [<8dd0ef24>]          lr : [<3f3f3f3f>]
sp : 8d9ffa38  ip : 8dd11eba     fp : 8dd11eba
r10: 00000007  r9 : 8dd11eca     r8 : 8d9fffe0
r7 : 8d9ffbe8  r6 : ee94024e     r5 : 8d9ffb78  r4 : 8dd11dd2
r3 : 28f3f40f  r2 : 26897429     r1 : 23b122f1  r0 : 8dd11e0a
Flags: nzCv  IRQs off  FIQs off  Mode SVC_32
Resetting CPU ...

resetting ...
                         


U-Boot 2010.06-svn31947 (Mar 25 2019 - 14:02:13)

data abort
pc : [<8dd0ef24>]          lr : [<3f3f3f3f>]
sp : 8d9ffa38  ip : 8dd11eba     fp : 8dd11eba
r10: 00000007  r9 : 8dd11eca     r8 : 8d9fffe0
r7 : 8d9ffbe8  r6 : ee94024e     r5 : 8d9ffb78  r4 : 8dd11dd2
r3 : 28f3f40f  r2 : 26897429     r1 : 23b122f1  r0 : 8dd11e0a
Flags: nzCv  IRQs off  FIQs off  Mode SVC_32
Resetting CPU ...

resetting ...
                         


U-Boot 2010.06-svn31947 (Mar 25 2019 - 14:02:13)

data abort
pc : [<8dd0ef24>]          lr : [<3f3f3f3f>]
sp : 8d9ffa38  ip : 8dd11eba     fp : 8dd11eba
r10: 00000007  r9 : 8dd11eca     r8 : 8d9fffe0
r7 : 8d9ffbe8  r6 : ee94024e     r5 : 8d9ffb78  r4 : 8dd11dd2
r3 : 28f3f40f  r2 : 26897429     r1 : 23b122f1  r0 : 8dd11e0a
Flags: nzCv  IRQs off  FIQs off  Mode SVC_32
Resetting CPU ...

resetting ...
                         


U-Boot 2010.06-svn31947 (Mar 25 2019 - 14:02:13)

data abort
pc : [<8dd0ef24>]          lr : [<3f3f3f3f>]
sp : 8d9ffa38  ip : 8dd11eba     fp : 8dd11eba
r10: 00000007  r9 : 8dd11eca     r8 : 8d9fffe0
r7 : 8d9ffbe8  r6 : ee94024e     r5 : 8d9ffb78  r4 : 8dd11dd2
r3 : 28f3f40f  r2 : 26897429     r1 : 23b122f1  r0 : 8dd11e0a
Flags: nzCv  IRQs off  FIQs off  Mode SVC_32
Resetting CPU ...

resetting ...
                         


U-Boot 2010.06-svn31947 (Mar 25 2019 - 14:02:13)

data abort
pc : [<8dd0ef24>]          lr : [<3f3f3f3f>]
sp : 8d9ffa38  ip : 8dd11eba     fp : 8dd11eba
r10: 00000007  r9 : 8dd11eca     r8 : 8d9fffe0
r7 : 8d9ffbe8  r6 : ee94024e     r5 : 8d9ffb78  r4 : 8dd11dd2
r3 : 28f3f40f  r2 : 26897429     r1 : 23b122f1  r0 : 8dd11e0a
Flags: nzCv  IRQs off  FIQs off  Mode SVC_32
Resetting CPU ...

resetting ...
                         


U-Boot 2010.06-svn31947 (Mar 25 2019 - 14:02:13)

data abort
pc : [<8dd0ef24>]          lr : [<3f3f3f3f>]
sp : 8d9ffa38  ip : 8dd11eba     fp : 8dd11eba
r10: 00000007  r9 : 8dd11eca     r8 : 8d9fffe0
r7 : 8d9ffbe8  r6 : ee94024e     r5 : 8d9ffb78  r4 : 8dd11dd2
r3 : 28f3f40f  r2 : 26897429     r1 : 23b122f1  r0 : 8dd11e0a
Flags: nzCv  IRQs off  FIQs off  Mode SVC_32
Resetting CPU ...

resetting ...
                         


U-Boot 2010.06-svn31947 (Mar 25 2019 - 14:02:13)

data abort
pc : [<8dd0ef24>]          lr : [<3f3f3f3f>]
sp : 8d9ffa38  ip : 8dd11eba     fp : 8dd11eba
r10: 00000007  r9 : 8dd11eca     r8 : 8d9fffe0
r7 : 8d9ffbe8  r6 : ee94024e     r5 : 8d9ffb78  r4 : 8dd11dd2
r3 : 28f3f40f  r2 : 26897429     r1 : 23b122f1  r0 : 8dd11e0a
Flags: nzCv  IRQs off  FIQs off  Mode SVC_32
Resetting CPU ...

resetting ...
                         


U-Boot 2010.06-svn31947 (Mar 25 2019 - 14:02:13)

data abort
pc : [<8dd0ef24>]          lr : [<3f3f3f3f>]
sp : 8d9ffa38  ip : 8dd11eba     fp : 8dd11eba
r10: 00000007  r9 : 8dd11eca     r8 : 8d9fffe0
r7 : 8d9ffbe8  r6 : ee94024e     r5 : 8d9ffb78  r4 : 8dd11dd2
r3 : 28f3f40f  r2 : 26897429     r1 : 23b122f1  r0 : 8dd11e0a
Flags: nzCv  IRQs off  FIQs off  Mode SVC_32
Resetting CPU ...

resetting ...
                         


U-Boot 2010.06-svn31947 (Mar 25 2019 - 14:02:13)

data abort
pc : [<8dd0ef24>]          lr : [<3f3f3f3f>]
sp : 8d9ffa38  ip : 8dd11eba     fp : 8dd11eba
r10: 00000007  r9 : 8dd11eca     r8 : 8d9fffe0
r7 : 8d9ffbe8  r6 : ee94024e     r5 : 8d9ffb78  r4 : 8dd11dd2
r3 : 28f3f40f  r2 : 26897429     r1 : 23b122f1  r0 : 8dd11e0a
Flags: nzCv  IRQs off  FIQs off  Mode SVC_32
Resetting CPU ...

resetting ...
                         


U-Boot 2010.06-svn31947 (Mar 25 2019 - 14:02:13)

data abort
pc : [<8dd0ef24>]          lr : [<3f3f3f3f>]
sp : 8d9ffa38  ip : 8dd11eba     fp : 8dd11eba
r10: 00000007  r9 : 8dd11eca     r8 : 8d9fffe0
r7 : 8d9ffbe8  r6 : ee94024e     r5 : 8d9ffb78  r4 : 8dd11dd2
r3 : 28f3f40f  r2 : 26897429     r1 : 23b122f1  r0 : 8dd11e0a
Flags: nzCv  IRQs off  FIQs off  Mode SVC_32
Resetting CPU ...

resetting ...
                         


U-Boot 2010.06-svn31947 (Mar 25 2019 - 14:02:13)

data abort
pc : [<8dd0ef24>]          lr : [<3f3f3f3f>]
sp : 8d9ffa38  ip : 8dd11eba     fp : 8dd11eba
r10: 00000007  r9 : 8dd11eca     r8 : 8d9fffe0
r7 : 8d9ffbe8  r6 : ee94024e     r5 : 8d9ffb78  r4 : 8dd11dd2
r3 : 28f3f40f  r2 : 26897429     r1 : 23b122f1  r0 : 8dd11e0a
Flags: nzCv  IRQs off  FIQs off  Mode SVC_32
Resetting CPU ...

resetting ...
                         


U-Boot 2010.06-svn31947 (Mar 25 2019 - 14:02:13)

data abort
pc : [<8dd0ef24>]          lr : [<3f3f3f3f>]
sp : 8d9ffa38  ip : 8dd11eba     fp : 8dd11eba
r10: 00000007  r9 : 8dd11eca     r8 : 8d9fffe0
r7 : 8d9ffbe8  r6 : ee94024e     r5 : 8d9ffb78  r4 : 8dd11dd2
r3 : 28f3f40f  r2 : 26897429     r1 : 23b122f1  r0 : 8dd11e0a
Flags: nzCv  IRQs off  FIQs off  Mode SVC_32
Resetting CPU ...

resetting ...
                         


U-Boot 2010.06-svn31947 (Mar 25 2019 - 14:02:13)

data abort
pc : [<8dd0ef24>]          lr : [<3f3f3f3f>]
sp : 8d9ffa38  ip : 8dd11eba     fp : 8dd11eba
r10: 00000007  r9 : 8dd11eca     r8 : 8d9fffe0
r7 : 8d9ffbe8  r6 : ee94024e     r5 : 8d9ffb78  r4 : 8dd11dd2
r3 : 28f3f40f  r2 : 26897429     r1 : 23b122f1  r0 : 8dd11e0a
Flags: nzCv  IRQs off  FIQs off  Mode SVC_32
Resetting CPU ...

resetting ...
                         


U-Boot 2010.06-svn31947 (Mar 25 2019 - 14:02:13)

data abort
pc : [<8dd0ef24>]          lr : [<3f3f3f3f>]
sp : 8d9ffa38  ip : 8dd11eba     fp : 8dd11eba
r10: 00000007  r9 : 8dd11eca     r8 : 8d9fffe0
r7 : 8d9ffbe8  r6 : ee94024e     r5 : 8d9ffb78  r4 : 8dd11dd2
r3 : 28f3f40f  r2 : 26897429     r1 : 23b122f1  r0 : 8dd11e0a
Flags: nzCv  IRQs off  FIQs off  Mode SVC_32
Resetting CPU ...

resetting ...
                         


U-Boot 2010.06-svn31947 (Mar 25 2019 - 14:02:13)

data abort
pc : [<8dd0ef24>]          lr : [<3f3f3f3f>]
sp : 8d9ffa38  ip : 8dd11eba     fp : 8dd11eba
r10: 00000007  r9 : 8dd11eca     r8 : 8d9fffe0
r7 : 8d9ffbe8  r6 : ee94024e     r5 : 8d9ffb78  r4 : 8dd11dd2
r3 : 28f3f40f  r2 : 26897429     r1 : 23b122f1  r0 : 8dd11e0a
Flags: nzCv  IRQs off  FIQs off  Mode SVC_32
Resetting CPU ...

resetting ...
                         


U-Boot 2010.06-svn31947 (Mar 25 2019 - 14:02:13)

data abort
pc : [<8dd0ef24>]          lr : [<3f3f3f3f>]
sp : 8d9ffa38  ip : 8dd11eba     fp : 8dd11eba
r10: 00000007  r9 : 8dd11eca     r8 : 8d9fffe0
r7 : 8d9ffbe8  r6 : ee94024e     r5 : 8d9ffb78  r4 : 8dd11dd2
r3 : 28f3f40f  r2 : 26897429     r1 : 23b122f1  r0 : 8dd11e0a
Flags: nzCv  IRQs off  FIQs off  Mode SVC_32
Resetting CPU ...

resetting ...


U-Boot 2010.06 (Aug 10 2015 - 10:15:05)[Support Fastboot]

*** Warning - bad CRC, using default environment

Hit ctrl+u to stop autoboot:  0 
timeout for link [4938]!
MAC:   AC-B9-2F-0B-5C-FA
UP_PORT : phy status change : LINK=UP : DUPLEX=FULL : SPEED=100M
|NUL ethaddr| TFTP server not found
### CRAMFS load complete: 2827920 bytes loaded to 0x80400000
## Booting kernel from Legacy Image at 80400000 ...
   Verifying Checksum ... OK
   Loading Kernel Image ... OK
OK

Starting kernel ...

Uncompressing Linux... done, booting the kernel.
init started: BusyBox v1.16.1 (2016-06-30 14:45:45 CST)
Fri Feb  9 17:42:43 UTC 2024
Starting udev:      [ OK ]
sdbg: serverip:192.0.0.128
fastboot is 1
product is 
devtype is a443
/
----------<1> tar guir webs ----------
----------<2> show logo ----------
getToolCfg: Open config file /home/app/config/devCfg.bin error=2.
get cfg error
scriptCmd: ./load3520D -i 0xfδ֪ 0xfδ֪ 0.
a is a443
b is 
SDK_TYPE type is 8d1
load3520D param num = 4
venc_num = 0
venc_num = 0
******* queryAd!! insmod ***********************
check adNum tp2802:0,tp2806:0,tp2822:0,tp2823:0,tp2824:0,tp2833C:1,tw2964:0 tw2968:0 nvp6114a:0 nvp6124b:0
cmdBuf:insmod extdrv/tp2823.ko gpioType=0 ProcductType=0 bSupportSD=1
load K35 ok
/
----------<4> del no use res ----------
iSCSI daemon with pid=873 started!fun:hisi_module_init, line:6027 init bsp module
file:src/pal_api.c,line:423, pal_module_init successfully
file:src/pal_api.c,line:386, pal_module_init has been called
t1: wait storage [2] and gui[2] and hicore[2] and ipcm[0] and toolserver[0]
remove error
fun:hisi_watchdog_init, line:2766 hisi_watchdog_init(/dev/watchdog, 27) ok iDogTimeOut:25 Sec!
IR panel found.
IR panel found.
:0
/*********************init_global_error_lib*/, init_global_error_lib start!
:0


U-Boot 2010.06 (Aug 10 2015 - 10:15:05)[Support Fastboot]

*** Warning - bad CRC, using default environment

Hit ctrl+u to stop autoboot:  0 
timeout for link [4999]!
MAC:   AC-B9-2F-0B-5C-FA
UP_PORT : phy status change : LINK=UP : DUPLEX=FULL : SPEED=100M
|NUL ethaddr| TFTP server not found
### CRAMFS load complete: 2827920 bytes loaded to 0x80400000
## Booting kernel from Legacy Image at 80400000 ...
   Verifying Checksum ... OK
   Loading Kernel Image ... OK
OK

Starting kernel ...

Uncompressing Linux... done, booting the kernel.
init started: BusyBox v1.16.1 (2016-06-30 14:45:45 CST)
Fri Feb  9 17:43:10 UTC 2024
Starting udev:      [ OK ]
sdbg: serverip:192.0.0.128
fastboot is 1
product is 
devtype is a443
/
----------<1> tar guir webs ----------
----------<2> show logo ----------
getToolCfg: Open config file /home/app/config/devCfg.bin error=2.
get cfg error
scriptCmd: ./load3520D -i 0xfδ֪ 0xfδ֪ 0.
a is a443
b is 
SDK_TYPE type is 8d1
load3520D param num = 4
venc_num = 0
venc_num = 0
******* queryAd!! insmod ***********************
check adNum tp2802:0,tp2806:0,tp2822:0,tp2823:0,tp2824:0,tp2833C:1,tw2964:0 tw2968:0 nvp6114a:0 nvp6124b:0
cmdBuf:insmod extdrv/tp2823.ko gpioType=0 ProcductType=0 bSupportSD=1
load K35 ok
/
----------<4> del no use res ----------
iSCSI daemon with pid=860 started!fun:hisi_module_init, line:6027 init bsp module
file:src/pal_api.c,line:423, pal_module_init successfully
file:src/pal_api.c,line:386, pal_module_init has been called
t1: wait storage [2] and gui[2] and hicore[2] and ipcm[0] and toolserver[0]
remove error
fun:hisi_watchdog_init, line:2766 hisi_watchdog_init(/dev/watchdog, 27) ok iDogTimeOut:25 Sec!
IR panel found.
IR panel found.
:0
/*********************init_global_error_lib*/, init_global_error_lib start!
:0


U-Boot 2010.06 (Aug 10 2015 - 10:15:05)[Support Fastboot]

*** Warning - bad CRC, using default environment

Hit ctrl+u to stop autoboot:  0 
timeout for link [4999]!
MAC:   AC-B9-2F-0B-5C-FA
UP_PORT : phy status change : LINK=UP : DUPLEX=FULL : SPEED=100M
|NUL ethaddr| TFTP server not found
### CRAMFS load complete: 2827920 bytes loaded to 0x80400000
## Booting kernel from Legacy Image at 80400000 ...
   Verifying Checksum ... OK
   Loading Kernel Image ... OK
OK

Starting kernel ...

Uncompressing Linux... done, booting the kernel.
init started: BusyBox v1.16.1 (2016-06-30 14:45:45 CST)
Fri Feb  9 17:43:37 UTC 2024
Starting udev:      [ OK ]
sdbg: serverip:192.0.0.128
fastboot is 1
product is 
devtype is a443
/
----------<1> tar guir webs ----------
----------<2> show logo ----------
getToolCfg: Open config file /home/app/config/devCfg.bin error=2.
get cfg error
scriptCmd: ./load3520D -i 0xfδ֪ 0xfδ֪ 0.
a is a443
b is 
SDK_TYPE type is 8d1
load3520D param num = 4
venc_num = 0
venc_num = 0
******* queryAd!! insmod ***********************
check adNum tp2802:0,tp2806:0,tp2822:0,tp2823:0,tp2824:0,tp2833C:1,tw2964:0 tw2968:0 nvp6114a:0 nvp6124b:0
cmdBuf:insmod extdrv/tp2823.ko gpioType=0 ProcductType=0 bSupportSD=1
load K35 ok
/
----------<4> del no use res ----------
iSCSI daemon with pid=846 started!fun:hisi_module_init, line:6027 init bsp module
file:src/pal_api.c,line:423, pal_module_init successfully
file:src/pal_api.c,line:386, pal_module_init has been called
t1: wait storage [2] and gui[2] and hicore[2] and ipcm[0] and toolserver[0]
remove error
fun:hisi_watchdog_init, line:2766 hisi_watchdog_init(/dev/watchdog, 27) ok iDogTimeOut:25 Sec!
IR panel found.
IR panel found.
:0
/*********************init_global_error_lib*/, init_global_error_lib start!
:0


U-Boot 2010.06 (Aug 10 2015 - 10:15:05)[Support Fastboot]

*** Warning - bad CRC, using default environment

Hit ctrl+u to stop autoboot:  0 
timeout for link [4999]!
MAC:   AC-B9-2F-0B-5C-FA
UP_PORT : phy status change : LINK=UP : DUPLEX=FULL : SPEED=100M
|NUL ethaddr| TFTP server not found
### CRAMFS load complete: 2827920 bytes loaded to 0x80400000
## Booting kernel from Legacy Image at 80400000 ...
   Verifying Checksum ... OK
   Loading Kernel Image ... OK
OK

Starting kernel ...

Uncompressing Linux... done, booting the kernel.
init started: BusyBox v1.16.1 (2016-06-30 14:45:45 CST)
Fri Feb  9 17:44:05 UTC 2024
Starting udev:      [ OK ]
sdbg: serverip:192.0.0.128
fastboot is 1
product is 
devtype is a443
/
----------<1> tar guir webs ----------
----------<2> show logo ----------
getToolCfg: Open config file /home/app/config/devCfg.bin error=2.
get cfg error
scriptCmd: ./load3520D -i 0xfδ֪ 0xfδ֪ 0.
a is a443
b is 
SDK_TYPE type is 8d1
load3520D param num = 4
venc_num = 0
venc_num = 0
******* queryAd!! insmod ***********************
check adNum tp2802:0,tp2806:0,tp2822:0,tp2823:0,tp2824:0,tp2833C:1,tw2964:0 tw2968:0 nvp6114a:0 nvp6124b:0
cmdBuf:insmod extdrv/tp2823.ko gpioType=0 ProcductType=0 bSupportSD=1
load K35 ok
/
----------<4> del no use res ----------
iSCSI daemon with pid=845 started!fun:hisi_module_init, line:6027 init bsp module
file:src/pal_api.c,line:423, pal_module_init successfully
file:src/pal_api.c,line:386, pal_module_init has been called
t1: wait storage [2] and gui[2] and hicore[2] and ipcm[0] and toolserver[0]
remove error
fun:hisi_watchdog_init, line:2766 hisi_watchdog_init(/dev/watchdog, 27) ok iDogTimeOut:25 Sec!
IR panel found.
IR panel found.
:0
/*********************init_global_error_lib*/, init_global_error_lib start!
:0


U-Boot 2010.06 (Aug 10 2015 - 10:15:05)[Support Fastboot]

*** Warning - bad CRC, using default environment

Hit ctrl+u to stop autoboot:  0 
timeout for link [4999]!
MAC:   AC-B9-2F-0B-5C-FA
UP_PORT : phy status change : LINK=UP : DUPLEX=FULL : SPEED=100M
|NUL ethaddr| TFTP server not found
### CRAMFS load complete: 2827920 bytes loaded to 0x80400000
## Booting kernel from Legacy Image at 80400000 ...
   Verifying Checksum ... OK
   Loading Kernel Image ... OK
OK

Starting kernel ...

Uncompressing Linux... done, booting the kernel.
init started: BusyBox v1.16.1 (2016-06-30 14:45:45 CST)
Fri Feb  9 17:44:32 UTC 2024
Starting udev:      [ OK ]
sdbg: serverip:192.0.0.128
fastboot is 1
product is 
devtype is a443
/
----------<1> tar guir webs ----------
----------<2> show logo ----------
getToolCfg: Open config file /home/app/config/devCfg.bin error=2.
get cfg error
scriptCmd: ./load3520D -i 0xfδ֪ 0xfδ֪ 0.
a is a443
b is 
SDK_TYPE type is 8d1
load3520D param num = 4
venc_num = 0
venc_num = 0
******* queryAd!! insmod ***********************
check adNum tp2802:0,tp2806:0,tp2822:0,tp2823:0,tp2824:0,tp2833C:1,tw2964:0 tw2968:0 nvp6114a:0 nvp6124b:0
cmdBuf:insmod extdrv/tp2823.ko gpioType=0 ProcductType=0 bSupportSD=1
load K35 ok
/
----------<4> del no use res ----------
iSCSI daemon with pid=846 started!fun:hisi_module_init, line:6027 init bsp module
file:src/pal_api.c,line:423, pal_module_init successfully
file:src/pal_api.c,line:386, pal_module_init has been called
t1: wait storage [2] and gui[2] and hicore[2] and ipcm[0] and toolserver[0]
remove error
fun:hisi_watchdog_init, line:2766 hisi_watchdog_init(/dev/watchdog, 27) ok iDogTimeOut:25 Sec!
IR panel found.
IR panel found.
:0
/*********************init_global_error_lib*/, init_global_error_lib start!
:0


U-Boot 2010.06 (Aug 10 2015 - 10:15:05)[Support Fastboot]

*** Warning - bad CRC, using default environment

Hit ctrl+u to stop autoboot:  0 
timeout for link [4999]!
MAC:   AC-B9-2F-0B-5C-FA
UP_PORT : phy status change : LINK=UP : DUPLEX=FULL : SPEED=100M
|NUL ethaddr| TFTP server not found
### CRAMFS load complete: 2827920 bytes loaded to 0x80400000
## Booting kernel from Legacy Image at 80400000 ...
   Verifying Checksum ... OK
   Loading Kernel Image ... OK
OK

Starting kernel ...

Uncompressing Linux... done, booting the kernel.
init started: BusyBox v1.16.1 (2016-06-30 14:45:45 CST)
Fri Feb  9 17:44:59 UTC 2024
Starting udev:      [ OK ]
sdbg: serverip:192.0.0.128
fastboot is 1
product is 
devtype is a443
/
----------<1> tar guir webs ----------
----------<2> show logo ----------
getToolCfg: Open config file /home/app/config/devCfg.bin error=2.
get cfg error
scriptCmd: ./load3520D -i 0xfδ֪ 0xfδ֪ 0.
a is a443
b is 
SDK_TYPE type is 8d1
load3520D param num = 4
venc_num = 0
venc_num = 0
******* queryAd!! insmod ***********************
check adNum tp2802:0,tp2806:0,tp2822:0,tp2823:0,tp2824:0,tp2833C:1,tw2964:0 tw2968:0 nvp6114a:0 nvp6124b:0
cmdBuf:insmod extdrv/tp2823.ko gpioType=0 ProcductType=0 bSupportSD=1
load K35 ok
/
----------<4> del no use res ----------
iSCSI daemon with pid=843 started!fun:hisi_module_init, line:6027 init bsp module
file:src/pal_api.c,line:423, pal_module_init successfully
file:src/pal_api.c,line:386, pal_module_init has been called
t1: wait storage [2] and gui[2] and hicore[2] and ipcm[0] and toolserver[0]
remove error
fun:hisi_watchdog_init, line:2766 hisi_watchdog_init(/dev/watchdog, 27) ok iDogTimeOut:25 Sec!
IR panel found.
IR panel found.
:0
/*********************init_global_error_lib*/, init_global_error_lib start!
:0


U-Boot 2010.06 (Aug 10 2015 - 10:15:05)[Support Fastboot]

*** Warning - bad CRC, using default environment

Hit ctrl+u to stop autoboot:  0 
timeout for link [4999]!
MAC:   AC-B9-2F-0B-5C-FA
UP_PORT : phy status change : LINK=UP : DUPLEX=FULL : SPEED=100M
|NUL ethaddr| TFTP server not found
### CRAMFS load complete: 2827920 bytes loaded to 0x80400000
## Booting kernel from Legacy Image at 80400000 ...
   Verifying Checksum ... OK
   Loading Kernel Image ... OK
OK

Starting kernel ...

Uncompressing Linux... done, booting the kernel.
init started: BusyBox v1.16.1 (2016-06-30 14:45:45 CST)
Fri Feb  9 17:45:26 UTC 2024
Starting udev:      [ OK ]
sdbg: serverip:192.0.0.128
fastboot is 1
product is 
devtype is a443
/
----------<1> tar guir webs ----------
----------<2> show logo ----------
getToolCfg: Open config file /home/app/config/devCfg.bin error=2.
get cfg error
scriptCmd: ./load3520D -i 0xfδ֪ 0xfδ֪ 0.
a is a443
b is 
SDK_TYPE type is 8d1
load3520D param num = 4
venc_num = 0
venc_num = 0
******* queryAd!! insmod ***********************
check adNum tp2802:0,tp2806:0,tp2822:0,tp2823:0,tp2824:0,tp2833C:1,tw2964:0 tw2968:0 nvp6114a:0 nvp6124b:0
cmdBuf:insmod extdrv/tp2823.ko gpioType=0 ProcductType=0 bSupportSD=1
load K35 ok
/
----------<4> del no use res ----------
iSCSI daemon with pid=845 started!fun:hisi_module_init, line:6027 init bsp module
file:src/pal_api.c,line:423, pal_module_init successfully
file:src/pal_api.c,line:386, pal_module_init has been called
t1: wait storage [2] and gui[2] and hicore[2] and ipcm[0] and toolserver[0]
remove error
fun:hisi_watchdog_init, line:2766 hisi_watchdog_init(/dev/watchdog, 27) ok iDogTimeOut:25 Sec!
IR panel found.
IR panel found.
:0
/*********************init_global_error_lib*/, init_global_error_lib start!
:0


U-Boot 2010.06 (Aug 10 2015 - 10:15:05)[Support Fastboot]

*** Warning - bad CRC, using default environment

Hit ctrl+u to stop autoboot:  0 
timeout for link [4999]!
MAC:   AC-B9-2F-0B-5C-FA
UP_PORT : phy status change : LINK=UP : DUPLEX=FULL : SPEED=100M
|NUL ethaddr| TFTP server not found
### CRAMFS load complete: 2827920 bytes loaded to 0x80400000
## Booting kernel from Legacy Image at 80400000 ...
   Verifying Checksum ... OK
   Loading Kernel Image ... OK
OK

Starting kernel ...

Uncompressing Linux... done, booting the kernel.
init started: BusyBox v1.16.1 (2016-06-30 14:45:45 CST)
Fri Feb  9 17:45:53 UTC 2024
Starting udev:      [ OK ]
sdbg: serverip:192.0.0.128
fastboot is 1
product is 
devtype is a443
/
----------<1> tar guir webs ----------
^[[A^H^H^H^H^H^H^H^H^H^H^H^H^H----------<2> show logo ----------
^CgetToolCfg: Open config file /home/app/config/devCfg.bin error=2.
get cfg error
scriptCmd: ./load3520D -i 0xfδ֪ 0xfδ֪ 0.
a is a443
b is 
SDK_TYPE type is 8d1
load3520D param num = 4
venc_num = 0
venc_num = 0
******* queryAd!! insmod ***********************
check adNum tp2802:0,tp2806:0,tp2822:0,tp2823:0,tp2824:0,tp2833C:1,tw2964:0 tw2968:0 nvp6114a:0 nvp6124b:0
cmdBuf:insmod extdrv/tp2823.ko gpioType=0 ProcductType=0 bSupportSD=1
load K35 ok
/
----------<4> del no use res ----------
iSCSI daemon with pid=846 started!fun:hisi_module_init, line:6027 init bsp module
file:src/pal_api.c,line:423, pal_module_init successfully
file:src/pal_api.c,line:386, pal_module_init has been called
t1: wait storage [2] and gui[2] and hicore[2] and ipcm[0] and toolserver[0]
remove error
fun:hisi_watchdog_init, line:2766 hisi_watchdog_init(/dev/watchdog, 27) ok iDogTimeOut:25 Sec!
IR panel found.
IR panel found.
:0
/*********************init_global_error_lib*/, init_global_error_lib start!
:0


U-Boot 2010.06 (Aug 10 2015 - 10:15:05)[Support Fastboot]

*** Warning - bad CRC, using default environment

Hit ctrl+u to stop autoboot:  0 

This program will upgrade software.
*******************************************************
*  ATTENTION!! PLEASE READ THIS NOTICE CAREFULLY!     *
*  Don't reset machine,or anything that interrupt it. *
*  The upgrade process must finish in 10 minutes!     *
*  If this program fails,machine might be unusable,   *
*  and you will need to reflash again.                *
*  If you find this too risky,power off machine now.  *
*******************************************************

Now press [u/U] key to upgrade software: b
HKVS # printenv
bootcmd=tftp 0x80400000 $(bootfile);bootm 0x80400000;
default=cramfsload 0x80400000 uImage;
bootjffs2=fsload 0x80400000 uImage;fsload 0x80800000 ramdisk.gz;bootm 0x80400000 0x80800000;
sec=tftp 0x80400000 uImage_sec;tftp 0x80800000 ramdisk.gz;bootm 0x80400000 0x80800000;
bootdelay=1
baudrate=115200
mdio_intf=mii
ipaddr=192.0.0.64
serverip=192.0.0.128
gatewayip=192.0.0.1
netmask=255.255.255.0
bootfile=uImage
phyaddr0=3
bootargs=mem=100M console=ttyS1,115200
ethaddr=ac:b9:2f:0b:5c:fa
stdin=serial
stdout=serial
stderr=serial
verify=y
ver=U-Boot 2010.06-svn (Aug 10 2015 - 10:15:05)

Environment size: 585/4092 bytes
HKVS # setenv ipaddr 192.168.30.200
HKVS # setenv serverip 192.168.30.148
HKVS # setenv gatewayip 192.168.30.1  
HKVS # saveenv
Saving Environment to SPI Flash...
Erasing SPI flash, offset 0x0002f000 size 4K ...done
Writing to SPI flash, offset 0x0002f000 size 4K ...done
HKVS # printenv
bootcmd=tftp 0x80400000 $(bootfile);bootm 0x80400000;
default=cramfsload 0x80400000 uImage;
bootjffs2=fsload 0x80400000 uImage;fsload 0x80800000 ramdisk.gz;bootm 0x80400000 0x80800000;
sec=tftp 0x80400000 uImage_sec;tftp 0x80800000 ramdisk.gz;bootm 0x80400000 0x80800000;
bootdelay=1
baudrate=115200
mdio_intf=mii
netmask=255.255.255.0
bootfile=uImage
phyaddr0=3
bootargs=mem=100M console=ttyS1,115200
ethaddr=ac:b9:2f:0b:5c:fa
stdin=serial
stdout=serial
stderr=serial
verify=y
ver=U-Boot 2010.06-svn (Aug 10 2015 - 10:15:05)
ipaddr=192.168.30.200
serverip=192.168.30.148
gatewayip=192.168.30.1

Environment size: 595/4092 bytes
HKVS # u 
timeout for link [4999]!
MAC:   AC-B9-2F-0B-5C-FA
UP_PORT : phy status change : LINK=UP : DUPLEX=FULL : SPEED=100M
TFTP from server 192.168.30.148; our IP address is 192.168.30.200
Download Filename 'digicap.dav'.
Download to address: 0x80008000
Downloading: #  [ Connected ]
################################        [ 1.000 MB]
################################        [ 2.000 MB]
################################        [ 3.000 MB]
################################        [ 4.000 MB]
################################        [ 5.000 MB]
################################        [ 6.000 MB]
################################        [ 7.000 MB]
################################        [ 8.000 MB]
################################        [ 9.000 MB]
################################        [10.000 MB]
################################        [11.000 MB]
################################        [12.000 MB]
################################        [13.000 MB]
##################
done
Bytes transferred = 14246400 (d96200 hex)
cramfs.img checkSum ok !
Erasing SPI flash...done
Writing SPI flash...done
Upgrade check ......done
Erasing devcfg...done
HKVS # exit
Unknown command 'exit' - try 'help'
HKVS # 

U-Boot 2010.06 (Aug 10 2015 - 10:15:05)[Support Fastboot]

Hit ctrl+u to stop autoboot:  0 
timeout for link [4999]!
MAC:   AC-B9-2F-0B-5C-FA
UP_PORT : phy status change : LINK=UP : DUPLEX=FULL : SPEED=100M
|RCV UDP pack timeout| TFTP server not found
### CRAMFS load complete: 2827920 bytes loaded to 0x80400000
## Booting kernel from Legacy Image at 80400000 ...
   Verifying Checksum ... OK
   Loading Kernel Image ... OK
OK

Starting kernel ...

Uncompressing Linux... done, booting the kernel.
init started: BusyBox v1.16.1 (2016-06-30 14:45:45 CST)
Fri Feb  9 17:52:00 UTC 2024
Starting udev:      [ OK ]
sdbg: serverip:192.168.30.148
fastboot is 1
product is 
devtype is a443
tar: invalid gzip magic
/
----------<1> tar guir webs ----------
----------<2> show logo ----------
getToolCfg: Open config file /home/app/config/devCfg.bin error=2.
get cfg error
scriptCmd: ./load3520D -i 0xfδ֪ 0xfδ֪ 0.
a is a443
b is 
SDK_TYPE type is 8d1
load3520D param num = 4
venc_num = 0
venc_num = 0
******* queryAd!! insmod ***********************
check adNum tp2802:0,tp2806:0,tp2822:0,tp2823:0,tp2824:0,tp2833C:1,tw2964:0 tw2968:0 nvp6114a:0 nvp6124b:0
cmdBuf:insmod extdrv/tp2823.ko gpioType=0 ProcductType=0 bSupportSD=1
load K35 ok
/
----------<4> del no use res ----------
iSCSI daemon with pid=844 started!fun:hisi_module_init, line:6027 init bsp module
file:src/pal_api.c,line:423, pal_module_init successfully
file:src/pal_api.c,line:386, pal_module_init has been called
t1: wait storage [2] and gui[2] and hicore[2] and ipcm[0] and toolserver[0]
remove error
fun:hisi_watchdog_init, line:2766 hisi_watchdog_init(/dev/watchdog, 27) ok iDogTimeOut:25 Sec!
IR panel found.
IR panel found.
:0
/*********************init_global_error_lib*/, init_global_error_lib start!
:0
init_lzma_mem alloc size 1048576
Can't open parameter file on flash, errno=0x2.
read devCfg error, ready to read backup cfg
Try to recover the parameter from second block of flash!
1+0 records in
1+0 records out
65536 bytes (64.0KB) copied, 0.004244 seconds, 14.7MB/s
tar: invalid gzip magic
Can't open parameter file on flash, errno=0x2.
read second 64K flash fail,  try to read third 64k
1+0 records in
1+0 records out
65536 bytes (64.0KB) copied, 0.004305 seconds, 14.5MB/s
tar: invalid gzip magic
Can't open parameter file on flash, errno=0x2.
read from third 64k error, totally error
ready to recover , try time[0]
1+0 records in
1+0 records out
65536 bytes (64.0KB) copied, 0.007820 seconds, 8.0MB/s
1+0 records in
1+0 records out
65536 bytes (64.0KB) copied, 0.004198 seconds, 14.9MB/s
tar: invalid gzip magic
Can't open parameter file on flash, errno=0x2.
after recover tar cfg, read devCfg.bin error too! time[0]
ready to recover , try time[1]
1+0 records in
1+0 records out
65536 bytes (64.0KB) copied, 0.007769 seconds, 8.0MB/s
1+0 records in
1+0 records out
65536 bytes (64.0KB) copied, 0.004179 seconds, 15.0MB/s
tar: invalid gzip magic
Can't open parameter file on flash, errno=0x2.
after recover tar cfg, read devCfg.bin error too! time[1]
ready to recover , try time[2]
1+0 records in
1+0 records out
65536 bytes (64.0KB) copied, 0.007782 seconds, 8.0MB/s
1+0 records in
1+0 records out
65536 bytes (64.0KB) copied, 0.004180 seconds, 15.0MB/s
tar: invalid gzip magic
Can't open parameter file on flash, errno=0x2.
after recover tar cfg, read devCfg.bin error too! time[2]
ready to recover , try time[3]
1+0 records in
1+0 records out
65536 bytes (64.0KB) copied, 0.007773 seconds, 8.0MB/s
1+0 records in
1+0 records out
65536 bytes (64.0KB) copied, 0.004180 seconds, 15.0MB/s
tar: invalid gzip magic
Can't open parameter file on flash, errno=0x2.
after recover tar cfg, read devCfg.bin error too! time[3]
ready to recover , try time[4]
1+0 records in
1+0 records out
65536 bytes (64.0KB) copied, 0.007859 seconds, 8.0MB/s
1+0 records in
1+0 records out
65536 bytes (64.0KB) copied, 0.004178 seconds, 15.0MB/s
tar: invalid gzip magic
Can't open parameter file on flash, errno=0x2.
after recover tar cfg, read devCfg.bin error too! time[4]
ready to recover , try time[5]
1+0 records in
1+0 records out
65536 bytes (64.0KB) copied, 0.010547 seconds, 5.9MB/s
1+0 records in
1+0 records out
65536 bytes (64.0KB) copied, 0.006902 seconds, 9.1MB/s
tar: invalid gzip magic
Can't open parameter file on flash, errno=0x2.
after recover tar cfg, read devCfg.bin error too! time[5]
ready to recover , try time[6]
1+0 records in
1+0 records out
65536 bytes (64.0KB) copied, 0.007811 seconds, 8.0MB/s
1+0 records in
1+0 records out
65536 bytes (64.0KB) copied, 0.004189 seconds, 14.9MB/s
tar: invalid gzip magic
Can't open parameter file on flash, errno=0x2.
after recover tar cfg, read devCfg.bin error too! time[6]
ready to recover , try time[7]
1+0 records in
1+0 records out
65536 bytes (64.0KB) copied, 0.007833 seconds, 8.0MB/s
1+0 records in
1+0 records out
65536 bytes (64.0KB) copied, 0.004178 seconds, 15.0MB/s
tar: invalid gzip magic
Can't open parameter file on flash, errno=0x2.
after recover tar cfg, read devCfg.bin error too! time[7]
ready to recover , try time[8]
1+0 records in
1+0 records out
65536 bytes (64.0KB) copied, 0.007824 seconds, 8.0MB/s
1+0 records in
1+0 records out
65536 bytes (64.0KB) copied, 0.004162 seconds, 15.0MB/s
tar: invalid gzip magic
Can't open parameter file on flash, errno=0x2.
after recover tar cfg, read devCfg.bin error too! time[8]
ready to recover , try time[9]
1+0 records in
1+0 records out
65536 bytes (64.0KB) copied, 0.007830 seconds, 8.0MB/s
1+0 records in
1+0 records out
65536 bytes (64.0KB) copied, 0.004173 seconds, 15.0MB/s
tar: invalid gzip magic
Can't open parameter file on flash, errno=0x2.
after recover tar cfg, read devCfg.bin error too! time[9]
recover all failed! return ERR
ERROR!!! hisi_get_dsp_ipc_count before dsp init
ERROR!!! hisi_dspinner_from_chan_info: iIpcNum = HPR_ERROR!
ERROR!!! hisi_get_dsp_ipc_count before dsp init
ERROR!!! hisi_dspinner_from_chan_info: iIpcNum = HPR_ERROR!
ERROR!!! hisi_get_dsp_ipc_count before dsp init
ERROR!!! hisi_dspinner_from_chan_info: iIpcNum = HPR_ERROR!
ERROR!!! hisi_get_dsp_ipc_count before dsp init
ERROR!!! hisi_dspinner_from_chan_info: iIpcNum = HPR_ERROR!
ERROR!!! hisi_get_dsp_ipc_count before dsp init
ERROR!!! hisi_dspinner_from_chan_info: iIpcNum = HPR_ERROR!
t1: wait storage [2] and gui[2] and hicore[2] and ipcm[0] and toolserver[0]
[DHCP] default pIpAddr: 192.0.0.64, pNetMask: 255.255.255.0
fun:hisi_dsp_init, line:1684 --------------init dsp --------------------
g_pDspInitPara->exNetPoolMain.vAddr =0x422b5008
g_pDspInitPara->exNetPoolMain.totalLen =0x80000
g_pDspInitPara->exRecPool[0].strAddr[0].vAddr =0x43968000
g_pDspInitPara->exRecPool[0].strAddr[0].totalLen =0xc0000
/bin/sh: can't create /proc/sys/all/msg/proc_all: nonexistent directory
This SDK is C0!!
*** [HI3531] DSP Build Time: [Aug 15 2018 15:42:44] *** sizeof(DSPINITPARA) 3106368 viType=46  aiType=17,support720:0 bDvs 0
--bSupportZeroEncode=0 maxD1EncChns=4 NetOsdType=2 dspIdx=0 boardType=27 boardTypeEx=0 machineType=0xa443 dispMode=5 menuDispChan 0 bSupportHalf:1 decMode:1 bNvpAutoDetect:0 --
--encChanCnt=4 decChanCnt=4 dispChanCnt=3,IpcChanCnt = 1,    dspIdx=0,shipin7AesCnt 1-packetType 0x5,subPacketType 0x4 rtpPackLen:1376--voStandard:2
TVI Share Param bCompatibility:0
TVI Share Param bHGH:0
--reserved:[0] = 0,[1] = 0,[2] = 0,[3] = 0,[4] = 0,[5] = 0,[6] = 0,[7] = 0,[8] = 0,[9] = 0,[10] = 0,[11] = 0,[12] = 0,[13] = 0,[14] = 0,[15] = 0,[16] = 0,[17] = 0,[18] = 0,
--bdvs=0 audioChanCnt 0 audioAdType 0--
--pDspInitPara->tviShareParam.bG711A=0 --
--audio encode & decode type is G711_U --
--talkBackType=0 , old talktype 0x7110, device_info=0--
bHaveCvbsVo = 0
dispchan0:1 viChnCas:32 voDevCas:8 dispchan_1:0 viChnCas33 voDevCas:9 
HISI_CHIP_SECRET success
!!!!!!DSP Idx:0 
StopVoOutput HD
StopVoOutput SD
-------tpBuild:6---g_pDspInitPara->tviShareParam.AdVerSions:9------
NoAnalogChanCntStat, line 228, closeChanCnt 0
--------vcaChanNum 0----ViCloseChanCnt:0------
func:InitSys, line:593, vcaChanNum 0
eth0: ip = 192.168.30.121, subnet = 255.255.255.0, router = 192.168.30.1, dns = 192.168.30.1 
armNeedBufLen = 0 bEnableCache=0
Src packetType=0x5 subPacketType=0x4  RecStoreType=0x1 NetStoreType=0x4 SubRecStoreType=0x0 SubNetStoreType=0x4
----------HI_MPI_SYS_MmzAlloc ok!!!!!!!!!!
##shipin 7 plug initing...##
***InitAudio aiType = 17 bExtendAi=0 analogAiMask =0 extendAiMask=0***
chan=0 aiDev=0 aiChan=0 bHaveAnalogAudio = 1 bHaveExAudio=0
chan=1 aiDev=0 aiChan=1 bHaveAnalogAudio = 1 bHaveExAudio=0
chan=2 aiDev=0 aiChan=2 bHaveAnalogAudio = 1 bHaveExAudio=0
chan=3 aiDev=0 aiChan=3 bHaveAnalogAudio = 1 bHaveExAudio=0
config ai sample rate 1
AEC_Init error framelen(640)
[Func]:MPI_AI_AecInit [Line]:369 [Info]:aec open fail.
AEC_Init error framelen(640)
[Func]:MPI_AI_AecInit [Line]:369 [Info]:aec open fail.
AEC_Init error framelen(640)
[Func]:MPI_AI_AecInit [Line]:369 [Info]:aec open fail.
AEC_Init error framelen(640)
[Func]:MPI_AI_AecInit [Line]:369 [Info]:aec open fail.
AEC_Init error framelen(640)
[Func]:MPI_AI_AecInit [Line]:369 [Info]:aec open fail.
AEC_Init error framelen(640)
[Func]:MPI_AI_AecInit [Line]:369 [Info]:aec open fail.
AEC_Init error framelen(640)
[Func]:MPI_AI_AecInit [Line]:369 [Info]:aec open fail.
AEC_Init error framelen(640)
[Func]:MPI_AI_AecInit [Line]:369 [Info]:aec open fail.
AEC_Init error framelen(640)
[Func]:MPI_AI_AecInit [Line]:369 [Info]:aec open fail.
AEC_Init error framelen(640)
[Func]:MPI_AI_AecInit [Line]:369 [Info]:aec open fail.
AEC_Init error framelen(640)
[Func]:MPI_AI_AecInit [Line]:369 [Info]:aec open fail.
AEC_Init error framelen(640)
[Func]:MPI_AI_AecInit [Line]:369 [Info]:aec open fail.
AEC_Init error framelen(640)
[Func]:MPI_AI_AecInit [Line]:369 [Info]:aec open fail.
AEC_Init error framelen(640)
[Func]:MPI_AI_AecInit [Line]:369 [Info]:aec open fail.
AEC_Init error framelen(640)
[Func]:MPI_AI_AecInit [Line]:369 [Info]:aec open fail.
AEC_Init error framelen(640)
[Func]:MPI_AI_AecInit [Line]:369 [Info]:aec open fail.
aoChan=0 aoDev=0 aoTrack=0 aoTrackCnt=1 aoTrack=0
aoChan=1 aoDev=0 aoTrack=0 aoTrackCnt=1 aoTrack=1
aoChan=2 aoDev=1 aoTrack=0 aoTrackCnt=2 aoTrack=0
aoChan=2 aoDev=1 aoTrack=1 aoTrackCnt=2 aoTrack=1
talkBack aiChan = 0
 [0]g722 resample alloc buf size:4064 0x1c8b088  inputsize:1280 outputsize:660
 [1]g722 resample alloc buf size:4064 0x1c8d158  inputsize:1280 outputsize:660
 [2]g722 resample alloc buf size:4064 0x1c8f228  inputsize:1280 outputsize:660
-----------Init g726 dec audio,mem size 0xf8 reserved frm len 0
 [0]G722 in_frame_size 1280
 [1]G722 in_frame_size 1280
 [2]G722 in_frame_size 1280
 [3]G722 in_frame_size 1280
InitAudio ok!!!
[InitVi] viType 46, encChanCnt = 4
InitViChnAbility chan:0 AppAbility:0
InitViChnAbility chan:1 AppAbility:0
InitViChnAbility chan:2 AppAbility:0
InitViChnAbility chan:3 AppAbility:0
chan:0 IsViClosed:0
chan:1 IsViClosed:0
chan:2 IsViClosed:0
chan:3 IsViClosed:0
voStandard = 2, boardtype = 27
[InitViTp2802] init Tp2802 ok,portStaticMode:1 bWD1Double:2
AD_SET_MUX_MODE dev = 0 style = 10
AD_SET_MUX_MODE dev = 1 style = 5
[StartViByChn][4346]chan=1 viChan=6 vs=6 PixFormat=18
[StartViByChn][4346]chan=3 viChan=2 vs=6 PixFormat=18
vpssParam.u32MaxW:960 vpssParam.u32MaxH:1080
1-----------initvpss grp:0
=== s32ChnId 0 chan 0
1-----------initvpss grp:1
=== s32ChnId 0 chan 1
1-----------initvpss grp:2
=== s32ChnId 0 chan 2
1-----------initvpss grp:3
=== s32ChnId 0 chan 3
3-----------initvpss grp:4 Vpss Max W H 1920 1088 
[InitVi] init video input device and channel ok
[InitDecoder] start init decoder decChanCnt = 4
[InitDecoder]  OK
[InitIpcDecoder] start init decoder shipin7AesCnt = 1, ipcChanCnt = 1, sp7ChanCnt = 8
FUNC GetNetPoolAttr line 741 chanMode=5 err
[InitIPC]  OK
17----InitDecVpssModule-----initvpss grp:5
17----InitDecVpssModule-----initvpss grp:6
17----InitDecVpssModule-----initvpss grp:7
17----InitDecVpssModule-----initvpss grp:8
InitDecVpssModule complete!
*** Func: InitAes, phCipher = 0x640001 ok***
init ENC_OSD u32Size=2707456
init disp_OSD u32Size=737280
InitLogoMem u32Size=1605632
<DSP> pos error ---[InitPosMem] err, not support pos---
--i:0 virtRgbAddr:4890c000 menuBufSize 4608000
--InitJpgSnap Que Venc For VI_ENC_JPG:0
InitJpgSnap Que Venc For DEC_ENC_JPG:1
12---------initvpss grp:9
12---------initvpss grp:10
<InitJpgSnap> heatPool PoolID=9 size=622080
*** Fun: InitEncode, start ***
chan: 0 bStaticMode: 1
chan: 1 bStaticMode: 1
chan: 2 bStaticMode: 1
chan: 3 bStaticMode: 1
Func: InitEncode, end
Func: InitVo, viType:46,dispMode:5  start
[InitVoDev] voDev 0, bHD 1, vgaType 105
Func: GetVoCfg_HD, voDev 0,type 105 u32Width 1280, u32Height 1024 intfType=0x24
StartVoVideoLayer, VOLayer 0
Func: GetVoCfg_HD, voDev 0,type 105 u32Width 1280, u32Height 1024 intfType=0x24
-----------start hdmi ----------------------------------
Func SetLayerBind, Layer 0, return
Func SetLayerBind, Layer 3, return
StartPipLayer menuDispChan 0
stImageSize u32Width=320 u32Height=256
HI_MPI_SYS_SetReg value  0xc160000. hdNum= 0 , sdChanNum 0  noSignalChan Num 4 ,RegValueGet c000000 
Func: InitVo, start OK
[RECODE_init]start...
init encoder 6
Func:RECODE_init, init vpss 11
[RECODE_init]ok...
[RECODE_init]start...
init encoder 7
Func:RECODE_init, init vpss 12
[RECODE_init]ok...
[RECODE_init]start...
init encoder 8
Func:RECODE_init, init vpss 13
[RECODE_init]ok...
[RECODE_init]start...
init encoder 9
Func:RECODE_init, init vpss 14
[RECODE_init]ok...
[### InitIAD ok! ###]
smd g_pDspInitPara->tviShareParam.SmdNum  is 0, SCD g_pDspInitPara->tviShareParam.IntelligentNum = 0
<DSP>vca DspVcaInitOsd OK!
<DSP>vca Init vca success
<DSP>vca DspVcaInitMetaDataPack: ok
<DSP>vca  DspVcaScdInit chanNum = 0
<DSP>vca DspVcaScdInit OK!
[dsp_smartH264Init]done...ret 0
Open logo fail.
pid:848 tid:1010 name:TskPTZPeriod
***** InitDsp OK*****
hisi_main_dsp_init:DSPINITPARA=3106368
************g_pDspInitPara[0x42ab4008], menuShareBuf 0[0x42b23ffc, pAddr=0x8ca7c000, vAddr=0x4890c000, w:1920,h1200,p:1920] 1[0x42b24010, pAddr=0x0, vAddr=0x0, w:0,h0,p:0], 
hisi_freelogo_buffer is succsse
fun:hisi_dsp_init, line:1704 ------ dsp is init Ok iRetVal:0---------
pid:848 tid:980 name:TskProcessAudio

pid:848 tid:996 name:dspOsdRefresh
pid:848 tid:990 name:OutputVideoPro3

pid:848 tid:988 name:OutputVideoPro2

pid:848 tid:986 name:OutputVideoPro1

pid:848 tid:984 name:OutputVideoPro0

pid:848 tid:1002 name:dspAllChnStream

pid:848 tid:997 name:dspOsdColor
pid:848 tid:992 name:dspDownIPCStream4

pid:848 tid:993 name:dspDownIPCStream5

pid:848 tid:994 name:dspDownIPCStream8

pid:848 tid:998 name:dspMd
pid:848 tid:1006 name:dspPeriod
pid:848 tid:1007 name:tskGetVcaAiData
pid:848 tid:1008 name:tskProcessVcaAiData
pid:848 tid:995 name:ZeroDecStream

pid:848 tid:989 name:dspDownStream3

pid:848 tid:991 name:DspGetDecPic

pid:848 tid:987 name:dspDownStream2

pid:848 tid:985 name:dspDownStream1

pid:848 tid:983 name:dspDownStream0

orgHdmiVoChanIdx 0
NO_HI_HDMI_EVENT_HOTPLUG!!!
!!!!!!!!!!!!!!!!!!!!!!!!!DSP Init Ok!!!!!!!!!!!!!!!!!!!!!!!!!!!!!
wait storage [2] and gui[2]
------------> pthreadSpawn handle_pppoe_cfg_cmd 
===================handle_pppoe_cfg_cmd=====================
=============pppoe============FOREVER=====================================
# pid:848 tid:999 name:dspCd
pid:848 tid:1000 name:TskProcEncJpeg
pid:848 tid:981 name:vidDetectmix
<videoFormatProcess> chan 0, TVI video frm 0 can't find in table. adType:0
<videoFormatProcess> chan 1, TVI video frm 0 can't find in table. adType:0
<videoFormatProcess> chan 2, TVI video frm 0 can't find in table. adType:0
<videoFormatProcess> chan 3, TVI video frm 0 can't find in table. adType:0
pid:848 tid:982 name:tskTp2802GetPtzData
:0
SetScanMode   RegViChn:0x18300 RegScanMode:0x20598300 bInterlaced:0 ViChn:4
SetScanMode ok
=============pppoe============FOREVER=====================================
==============proc_cmd_data start iSock [180]
==============>>>>iCmd:0x100,rlen:4
>>>>>username:,passwd:,enable:0,ifname:eth0
remove pppoed!
==================enablePPPoE failed!!!
SetScanMode   RegViChn:0x1c300 RegScanMode:0x2059c300 bInterlaced:0 ViChn:6
SetScanMode ok
[StartViByChn][4346]chan=1 viChan=6 vs=7 PixFormat=18
SetScanMode   RegViChn:0x10300 RegScanMode:0x20590300 bInterlaced:0 ViChn:0
SetScanMode ok
SetScanMode   RegViChn:0x14300 RegScanMode:0x20594300 bInterlaced:0 ViChn:2
SetScanMode ok
<0x422b44c0>|<HPR_FileSeek>|<1707501144>|<513>, last error = 29. offset[2048]
:0
[StartViByChn][4346]chan=3 viChan=2 vs=7 PixFormat=18
t1: wait storage [0] and gui[2] and hicore[0] and ipcm[0] and toolserver[0]
wait storage [0] and gui[2]
t1: wait storage [0] and gui[2] and hicore[0] and ipcm[0] and toolserver[0]
wait storage [0] and gui[2]
standard: u32Luma = 50, u32Contrast = 50, u32Satuature = 50, u32Hue = 50, u32Gain = 20
HostSetAudioVolume chan:2,open:1,level:3,volume:50
HostSetAudioVolume chan:0,open:1,level:3,volume:50
maxIPCcount[5] maxAnalogCount[4] 
### key info: [ipcm_svc_init]ipcm svc inited. ###
big_bit_mask p[0x4a6c34a0], idx[-1] error!func[big_bit_mask],line[63]
SendSnmpTrapMsg(eSnmpTrapType trapType)
!!!!!!!!!!!!!!!sc_hicore is start ok!!!!!!!!!!!!!!!!
 $$$$$$$$$$$$$ iAoChans[4] $$$$$$$$$$$$$ 
g_aoChan[0]=[2]
vqd_init: HIKVQD_GetMemSize succeed, i = 0 size = 512 space = 3
vqd_init: HIKVQD_GetMemSize succeed, i = 1 size = 1183744 space = 3
VQD VER: 1.0.8    DATE: 2016.12.13
10---------initvpss grp:90
HostInitVQD!!!OK!!m_i_vqdInitProcW==704,m_i_vqdInitProcH==576,m_i_vqdInitAbility==7,m_i_vqdInitValidNum==4 m_b_vqdUseSrcVi=0!!!
HostStartPollingVQD: ---OK!!!g_i_vqdEnable==1!!!g_i_vqdHostInterval=180
StartSnmpAgent(void)
pid:848 tid:1109 name:tskVqdProcess
<0x422b44c0>|<HPR_FileSeek>|<1707501157>|<513>, last error = 29. offset[2048]
<0x422b44c0>|<HPR_FileSeek>|<1707501157>|<513>, last error = 29. offset[2048]
<0x422b44c0>|<HPR_FileSeek>|<1707501157>|<513>, last error = 29. offset[2048]
<0x422b44c0>|<HPR_FileSeek>|<1707501157>|<513>, last error = 29. offset[2048]
read_rs485: recv data 0

Device Is Ready
the same param chan=0
the same param chan=1
the same param chan=2
the same param chan=3
func HostDecSetAbility set dec ability 82944000
